<?xml version="1.0" encoding="UTF-8"?>
<robot generator="Robot 6.1.1 (Python 3.11.4 on win32)" generated="20240318 18:10:00.549" rpa="false" schemaversion="4">
<suite id="s1" name="Tcspaygate" source="d:\Auto-OnePay\Onepay\paygate\tests\ui_tests\tcspaygate.robot">
<kw name="Open test brower" library="Common" type="SETUP">
<arg>${PAYGATE_URL}</arg>
<arg>chrome</arg>
<kw name="Set Global Variable" library="BuiltIn">
<arg>${PAYGATE_URL}</arg>
<doc>Makes a variable available globally in all tests and suites.</doc>
<msg timestamp="20240318 18:10:00.941" level="INFO">${PAYGATE_URL} = https://dev.onepay.vn/client/qt/</msg>
<status status="PASS" starttime="20240318 18:10:00.941" endtime="20240318 18:10:00.943"/>
</kw>
<kw name="Open Browser" library="SeleniumLibrary">
<arg>${PAYGATE_URL}</arg>
<arg>${BROWSER}</arg>
<doc>Opens a new browser instance to the optional ``url``.</doc>
<msg timestamp="20240318 18:10:00.944" level="INFO">Opening browser 'chrome' to base url 'https://dev.onepay.vn/client/qt/'.</msg>
<status status="PASS" starttime="20240318 18:10:00.943" endtime="20240318 18:10:03.173"/>
</kw>
<kw name="Maximize Browser Window" library="SeleniumLibrary">
<doc>Maximizes current browser window.</doc>
<status status="PASS" starttime="20240318 18:10:03.173" endtime="20240318 18:10:03.287"/>
</kw>
<status status="PASS" starttime="20240318 18:10:00.940" endtime="20240318 18:10:03.287"/>
</kw>
<test id="s1-t1" name="Select bank" line="14">
<kw name="chon bank" library="Paygate">
<arg>1</arg>
<kw name="Paygate" library="Paygate">
<kw name="Input Text" library="SeleniumLibrary">
<arg>${localAmount}</arg>
<arg>1000000</arg>
<doc>Types the given ``text`` into the text field identified by ``locator``.</doc>
<msg timestamp="20240318 18:10:03.289" level="INFO">Typing text '1000000' into text field 'name:vpc_Amount'.</msg>
<status status="PASS" starttime="20240318 18:10:03.288" endtime="20240318 18:10:03.387"/>
</kw>
<kw name="Click Button" library="SeleniumLibrary">
<arg>${btnPayNow}</arg>
<doc>Clicks the button identified by ``locator``.</doc>
<msg timestamp="20240318 18:10:03.388" level="INFO">Clicking button 'xpath://input[@value='Pay Now!']'.</msg>
<status status="PASS" starttime="20240318 18:10:03.387" endtime="20240318 18:10:08.574"/>
</kw>
<kw name="Sleep" library="BuiltIn">
<arg>2</arg>
<doc>Pauses the test executed for the given time.</doc>
<msg timestamp="20240318 18:10:10.576" level="INFO">Slept 2 seconds</msg>
<status status="PASS" starttime="20240318 18:10:08.575" endtime="20240318 18:10:10.576"/>
</kw>
<status status="PASS" starttime="20240318 18:10:03.288" endtime="20240318 18:10:10.576"/>
</kw>
<kw name="Select domestic" library="Paygate">
<kw name="Wait Until Element Is Visible" library="SeleniumLibrary">
<arg>${radioDomestic}</arg>
<arg>10s</arg>
<doc>Waits until the element ``locator`` is visible.</doc>
<status status="PASS" starttime="20240318 18:10:10.577" endtime="20240318 18:10:10.602"/>
</kw>
<kw name="Click Element" library="SeleniumLibrary">
<arg>${radioDomestic}</arg>
<doc>Click the element identified by ``locator``.</doc>
<msg timestamp="20240318 18:10:10.603" level="INFO">Clicking element 'id:domescard-radio'.</msg>
<status status="PASS" starttime="20240318 18:10:10.603" endtime="20240318 18:10:10.672"/>
</kw>
<status status="PASS" starttime="20240318 18:10:10.576" endtime="20240318 18:10:10.674"/>
</kw>
<kw name="Select bank" library="Paygate">
<arg>${index}</arg>
<kw name="Wait Until Element Is Visible" library="SeleniumLibrary">
<arg>${listBank}</arg>
<doc>Waits until the element ``locator`` is visible.</doc>
<status status="PASS" starttime="20240318 18:10:10.674" endtime="20240318 18:10:10.712"/>
</kw>
<kw name="Get WebElements" library="SeleniumLibrary">
<var>@{banks}</var>
<arg>${listBank}</arg>
<doc>Returns a list of WebElement objects matching the ``locator``.</doc>
<msg timestamp="20240318 18:10:10.730" level="INFO">@{banks} = [ &lt;selenium.webdriver.remote.webelement.WebElement (session="766938baade0877afd9d883a2884114e", element="f.D49145D8E3D78BCAFEF3D25C43062A35.d.711556BC1EC656FB39B92859652C43D6.e.205")&gt; | &lt;selenium.webd...</msg>
<status status="PASS" starttime="20240318 18:10:10.712" endtime="20240318 18:10:10.731"/>
</kw>
<kw name="Click Element" library="SeleniumLibrary">
<arg>${banks}[${bankId}]</arg>
<doc>Click the element identified by ``locator``.</doc>
<msg timestamp="20240318 18:10:10.732" level="INFO">Clicking element '&lt;selenium.webdriver.remote.webelement.WebElement (session="766938baade0877afd9d883a2884114e", element="f.D49145D8E3D78BCAFEF3D25C43062A35.d.711556BC1EC656FB39B92859652C43D6.e.206")&gt;'.</msg>
<status status="PASS" starttime="20240318 18:10:10.731" endtime="20240318 18:10:10.856"/>
</kw>
<status status="PASS" starttime="20240318 18:10:10.674" endtime="20240318 18:10:10.856"/>
</kw>
<status status="PASS" starttime="20240318 18:10:03.287" endtime="20240318 18:10:10.856"/>
</kw>
<kw name="Verify title bank" library="Paygate">
<arg>Thanh toán qua Vietcombank</arg>
<kw name="Element Text Should Be" library="SeleniumLibrary">
<arg>${titleCard}</arg>
<arg>${expectTitle}</arg>
<doc>Verifies that element ``locator`` contains exact the text ``expected``.</doc>
<msg timestamp="20240318 18:10:10.858" level="INFO">Verifying element 'xpath://div[@class='d_title_card']' contains exact text 'Thanh toán qua Vietcombank'.</msg>
<status status="PASS" starttime="20240318 18:10:10.857" endtime="20240318 18:10:10.891"/>
</kw>
<status status="PASS" starttime="20240318 18:10:10.857" endtime="20240318 18:10:10.891"/>
</kw>
<kw name="Verify placeholder" library="Paygate">
<arg>9704 1234 5678 9123 012</arg>
<arg>12/18</arg>
<arg>NGUYEN VAN A</arg>
<kw name="Get Element Attribute" library="SeleniumLibrary">
<var>${placeholderCardNumber}</var>
<arg>${localCardNumber}</arg>
<arg>placeholder</arg>
<doc>Returns the value of ``attribute`` from the element ``locator``.</doc>
<msg timestamp="20240318 18:10:10.946" level="INFO">${placeholderCardNumber} = 9704 1234 5678 9123 012</msg>
<status status="PASS" starttime="20240318 18:10:10.892" endtime="20240318 18:10:10.946"/>
</kw>
<kw name="Get Element Attribute" library="SeleniumLibrary">
<var>${txtPlaceholderExpDate}</var>
<arg>${localExpDate}</arg>
<arg>placeholder</arg>
<doc>Returns the value of ``attribute`` from the element ``locator``.</doc>
<msg timestamp="20240318 18:10:10.966" level="INFO">${txtPlaceholderExpDate} = 12/18</msg>
<status status="PASS" starttime="20240318 18:10:10.946" endtime="20240318 18:10:10.966"/>
</kw>
<kw name="Get Element Attribute" library="SeleniumLibrary">
<var>${txtplaceholderCardName}</var>
<arg>${localCardName}</arg>
<arg>placeholder</arg>
<doc>Returns the value of ``attribute`` from the element ``locator``.</doc>
<msg timestamp="20240318 18:10:10.982" level="INFO">${txtplaceholderCardName} = NGUYEN VAN A</msg>
<status status="PASS" starttime="20240318 18:10:10.966" endtime="20240318 18:10:10.982"/>
</kw>
<kw name="Should Be Equal" library="BuiltIn">
<arg>${placeholderCardNumber}</arg>
<arg>${txtPlaceholderCardNumber}</arg>
<doc>Fails if the given objects are unequal.</doc>
<status status="PASS" starttime="20240318 18:10:10.982" endtime="20240318 18:10:10.982"/>
</kw>
<kw name="Should Be Equal" library="BuiltIn">
<arg>${txtPlaceholderExpDate}</arg>
<arg>${txtPlaceholderExpDate}</arg>
<doc>Fails if the given objects are unequal.</doc>
<status status="PASS" starttime="20240318 18:10:10.982" endtime="20240318 18:10:10.983"/>
</kw>
<kw name="Should Be Equal" library="BuiltIn">
<arg>${txtplaceholderCardName}</arg>
<arg>${txtplaceholderCardName}</arg>
<doc>Fails if the given objects are unequal.</doc>
<status status="PASS" starttime="20240318 18:10:10.983" endtime="20240318 18:10:10.983"/>
</kw>
<status status="PASS" starttime="20240318 18:10:10.891" endtime="20240318 18:10:10.983"/>
</kw>
<tag>select bank</tag>
<status status="PASS" starttime="20240318 18:10:03.287" endtime="20240318 18:10:10.983"/>
</test>
<test id="s1-t2" name="Validate data" line="19">
<kw name="Open Excel Document" library="ExcelLibrary">
<arg>${EXCEL}</arg>
<arg>sheet1</arg>
<doc>Opens xlsx document file.</doc>
<status status="PASS" starttime="20240318 18:10:10.985" endtime="20240318 18:10:11.038"/>
</kw>
<kw name="Validate cardNumber" library="Paygate">
<for flavor="IN RANGE">
<var>${index}</var>
<value>2</value>
<value>7</value>
<iter>
<var name="${index}">2</var>
<kw name="Read Excel Cell" library="ExcelLibrary">
<var>${cardNumber}</var>
<arg>${index}</arg>
<arg>2</arg>
<doc>Returns content of a cell.</doc>
<msg timestamp="20240318 18:10:11.039" level="INFO">${cardNumber} = 9704360000000000002</msg>
<status status="PASS" starttime="20240318 18:10:11.039" endtime="20240318 18:10:11.039"/>
</kw>
<kw name="Wait Until Element Is Visible" library="SeleniumLibrary">
<arg>${localCardNumber}</arg>
<arg>10s</arg>
<doc>Waits until the element ``locator`` is visible.</doc>
<status status="PASS" starttime="20240318 18:10:11.039" endtime="20240318 18:10:11.076"/>
</kw>
<kw name="Input Text" library="SeleniumLibrary">
<arg>${localCardNumber}</arg>
<arg>${cardNumber}</arg>
<doc>Types the given ``text`` into the text field identified by ``locator``.</doc>
<msg timestamp="20240318 18:10:11.077" level="INFO">Typing text '9704360000000000002' into text field 'id:card_number'.</msg>
<status status="PASS" starttime="20240318 18:10:11.076" endtime="20240318 18:10:11.213"/>
</kw>
<kw name="Click Element" library="SeleniumLibrary">
<arg>${localExpDate}</arg>
<doc>Click the element identified by ``locator``.</doc>
<msg timestamp="20240318 18:10:11.213" level="INFO">Clicking element 'id:exp_date'.</msg>
<status status="PASS" starttime="20240318 18:10:11.213" endtime="20240318 18:10:11.257"/>
</kw>
<kw name="Run Keyword And Return Status" library="BuiltIn">
<var>${resual1}</var>
<arg>Element Should Be Visible</arg>
<arg>${msgErrorCardNumne}</arg>
<doc>Runs the given keyword with given arguments and returns the status as a Boolean value.</doc>
<kw name="Element Should Be Visible" library="SeleniumLibrary">
<arg>${msgErrorCardNumne}</arg>
<doc>Verifies that the element identified by ``locator`` is visible.</doc>
<msg timestamp="20240318 18:10:11.452" level="INFO" html="true">&lt;/td&gt;&lt;/tr&gt;&lt;tr&gt;&lt;td colspan="3"&gt;&lt;a href="selenium-screenshot-2.png"&gt;&lt;img src="selenium-screenshot-2.png" width="800px"&gt;&lt;/a&gt;</msg>
<msg timestamp="20240318 18:10:11.453" level="FAIL">Element with locator 'xpath://div[@class='form-field form-field-big']//span[@class='error']' not found.</msg>
<status status="FAIL" starttime="20240318 18:10:11.257" endtime="20240318 18:10:11.460"/>
</kw>
<msg timestamp="20240318 18:10:11.460" level="INFO">${resual1} = False</msg>
<status status="PASS" starttime="20240318 18:10:11.257" endtime="20240318 18:10:11.460"/>
</kw>
<if>
<branch type="IF" condition="${resual1} == $True">
<kw name="Log" library="BuiltIn">
<arg>test</arg>
<doc>Logs the given message with the given level.</doc>
<status status="NOT RUN" starttime="20240318 18:10:11.465" endtime="20240318 18:10:11.465"/>
</kw>
<kw name="Read Excel Cell" library="ExcelLibrary">
<var>${epextMsg}</var>
<arg>${index}</arg>
<arg>5</arg>
<doc>Returns content of a cell.</doc>
<status status="NOT RUN" starttime="20240318 18:10:11.465" endtime="20240318 18:10:11.465"/>
</kw>
<kw name="Run Keyword And Return Status" library="BuiltIn">
<var>${resual2}</var>
<arg>Element Text Should Be</arg>
<arg>${msgErrorCardNumne}</arg>
<arg>${epextMsg}</arg>
<doc>Runs the given keyword with given arguments and returns the status as a Boolean value.</doc>
<status status="NOT RUN" starttime="20240318 18:10:11.466" endtime="20240318 18:10:11.466"/>
</kw>
<if>
<branch type="IF" condition="${resual2} == True">
<kw name="Write Excel Cell" library="ExcelLibrary">
<arg>${index}</arg>
<arg>6</arg>
<arg>PASS</arg>
<doc>Writes value to the cell.</doc>
<status status="NOT RUN" starttime="20240318 18:10:11.466" endtime="20240318 18:10:11.466"/>
</kw>
<kw name="Save Excel Document" library="ExcelLibrary">
<arg>${EXCEL}</arg>
<doc>Saves the current document to disk.</doc>
<status status="NOT RUN" starttime="20240318 18:10:11.467" endtime="20240318 18:10:11.467"/>
</kw>
<status status="NOT RUN" starttime="20240318 18:10:11.466" endtime="20240318 18:10:11.467"/>
</branch>
<branch type="ELSE">
<kw name="Write Excel Cell" library="ExcelLibrary">
<arg>${index}</arg>
<arg>6</arg>
<arg>FAIL</arg>
<doc>Writes value to the cell.</doc>
<status status="NOT RUN" starttime="20240318 18:10:11.467" endtime="20240318 18:10:11.467"/>
</kw>
<kw name="Save Excel Document" library="ExcelLibrary">
<arg>${EXCEL}</arg>
<doc>Saves the current document to disk.</doc>
<status status="NOT RUN" starttime="20240318 18:10:11.468" endtime="20240318 18:10:11.468"/>
</kw>
<status status="NOT RUN" starttime="20240318 18:10:11.467" endtime="20240318 18:10:11.468"/>
</branch>
<status status="NOT RUN" starttime="20240318 18:10:11.466" endtime="20240318 18:10:11.468"/>
</if>
<status status="NOT RUN" starttime="20240318 18:10:11.461" endtime="20240318 18:10:11.468"/>
</branch>
<branch type="ELSE">
<kw name="Write Excel Cell" library="ExcelLibrary">
<arg>${index}</arg>
<arg>6</arg>
<arg>PASS</arg>
<doc>Writes value to the cell.</doc>
<status status="PASS" starttime="20240318 18:10:11.470" endtime="20240318 18:10:11.470"/>
</kw>
<kw name="Save Excel Document" library="ExcelLibrary">
<arg>${EXCEL}</arg>
<doc>Saves the current document to disk.</doc>
<status status="PASS" starttime="20240318 18:10:11.470" endtime="20240318 18:10:11.483"/>
</kw>
<status status="PASS" starttime="20240318 18:10:11.468" endtime="20240318 18:10:11.484"/>
</branch>
<status status="PASS" starttime="20240318 18:10:11.460" endtime="20240318 18:10:11.484"/>
</if>
<status status="PASS" starttime="20240318 18:10:11.039" endtime="20240318 18:10:11.484"/>
</iter>
<iter>
<var name="${index}">3</var>
<kw name="Read Excel Cell" library="ExcelLibrary">
<var>${cardNumber}</var>
<arg>${index}</arg>
<arg>2</arg>
<doc>Returns content of a cell.</doc>
<msg timestamp="20240318 18:10:11.485" level="INFO">${cardNumber} = 9.7043600000001e+18</msg>
<status status="PASS" starttime="20240318 18:10:11.484" endtime="20240318 18:10:11.485"/>
</kw>
<kw name="Wait Until Element Is Visible" library="SeleniumLibrary">
<arg>${localCardNumber}</arg>
<arg>10s</arg>
<doc>Waits until the element ``locator`` is visible.</doc>
<status status="PASS" starttime="20240318 18:10:11.485" endtime="20240318 18:10:11.500"/>
</kw>
<kw name="Input Text" library="SeleniumLibrary">
<arg>${localCardNumber}</arg>
<arg>${cardNumber}</arg>
<doc>Types the given ``text`` into the text field identified by ``locator``.</doc>
<msg timestamp="20240318 18:10:11.501" level="INFO">Typing text '9.7043600000001e+18' into text field 'id:card_number'.</msg>
<status status="PASS" starttime="20240318 18:10:11.500" endtime="20240318 18:10:11.614"/>
</kw>
<kw name="Click Element" library="SeleniumLibrary">
<arg>${localExpDate}</arg>
<doc>Click the element identified by ``locator``.</doc>
<msg timestamp="20240318 18:10:11.615" level="INFO">Clicking element 'id:exp_date'.</msg>
<status status="PASS" starttime="20240318 18:10:11.614" endtime="20240318 18:10:11.654"/>
</kw>
<kw name="Run Keyword And Return Status" library="BuiltIn">
<var>${resual1}</var>
<arg>Element Should Be Visible</arg>
<arg>${msgErrorCardNumne}</arg>
<doc>Runs the given keyword with given arguments and returns the status as a Boolean value.</doc>
<kw name="Element Should Be Visible" library="SeleniumLibrary">
<arg>${msgErrorCardNumne}</arg>
<doc>Verifies that the element identified by ``locator`` is visible.</doc>
<msg timestamp="20240318 18:10:11.675" level="INFO">Element 'xpath://div[@class='form-field form-field-big']//span[@class='error']' is displayed.</msg>
<status status="PASS" starttime="20240318 18:10:11.654" endtime="20240318 18:10:11.675"/>
</kw>
<msg timestamp="20240318 18:10:11.675" level="INFO">${resual1} = True</msg>
<status status="PASS" starttime="20240318 18:10:11.654" endtime="20240318 18:10:11.675"/>
</kw>
<if>
<branch type="IF" condition="${resual1} == $True">
<kw name="Log" library="BuiltIn">
<arg>test</arg>
<doc>Logs the given message with the given level.</doc>
<msg timestamp="20240318 18:10:11.676" level="INFO">test</msg>
<status status="PASS" starttime="20240318 18:10:11.676" endtime="20240318 18:10:11.676"/>
</kw>
<kw name="Read Excel Cell" library="ExcelLibrary">
<var>${epextMsg}</var>
<arg>${index}</arg>
<arg>5</arg>
<doc>Returns content of a cell.</doc>
<msg timestamp="20240318 18:10:11.676" level="INFO">${epextMsg} = Số thẻ không đúng 1</msg>
<status status="PASS" starttime="20240318 18:10:11.676" endtime="20240318 18:10:11.676"/>
</kw>
<kw name="Run Keyword And Return Status" library="BuiltIn">
<var>${resual2}</var>
<arg>Element Text Should Be</arg>
<arg>${msgErrorCardNumne}</arg>
<arg>${epextMsg}</arg>
<doc>Runs the given keyword with given arguments and returns the status as a Boolean value.</doc>
<kw name="Element Text Should Be" library="SeleniumLibrary">
<arg>${msgErrorCardNumne}</arg>
<arg>${epextMsg}</arg>
<doc>Verifies that element ``locator`` contains exact the text ``expected``.</doc>
<msg timestamp="20240318 18:10:11.677" level="INFO">Verifying element 'xpath://div[@class='form-field form-field-big']//span[@class='error']' contains exact text 'Số thẻ không đúng 1'.</msg>
<msg timestamp="20240318 18:10:11.886" level="INFO" html="true">&lt;/td&gt;&lt;/tr&gt;&lt;tr&gt;&lt;td colspan="3"&gt;&lt;a href="selenium-screenshot-3.png"&gt;&lt;img src="selenium-screenshot-3.png" width="800px"&gt;&lt;/a&gt;</msg>
<msg timestamp="20240318 18:10:11.886" level="FAIL">The text of element 'xpath://div[@class='form-field form-field-big']//span[@class='error']' should have been 'Số thẻ không đúng 1' but it was 'Số thẻ không đúng'.</msg>
<status status="FAIL" starttime="20240318 18:10:11.677" endtime="20240318 18:10:11.887"/>
</kw>
<msg timestamp="20240318 18:10:11.887" level="INFO">${resual2} = False</msg>
<status status="PASS" starttime="20240318 18:10:11.677" endtime="20240318 18:10:11.888"/>
</kw>
<if>
<branch type="IF" condition="${resual2} == True">
<kw name="Write Excel Cell" library="ExcelLibrary">
<arg>${index}</arg>
<arg>6</arg>
<arg>PASS</arg>
<doc>Writes value to the cell.</doc>
<status status="NOT RUN" starttime="20240318 18:10:11.888" endtime="20240318 18:10:11.889"/>
</kw>
<kw name="Save Excel Document" library="ExcelLibrary">
<arg>${EXCEL}</arg>
<doc>Saves the current document to disk.</doc>
<status status="NOT RUN" starttime="20240318 18:10:11.889" endtime="20240318 18:10:11.889"/>
</kw>
<status status="NOT RUN" starttime="20240318 18:10:11.888" endtime="20240318 18:10:11.889"/>
</branch>
<branch type="ELSE">
<kw name="Write Excel Cell" library="ExcelLibrary">
<arg>${index}</arg>
<arg>6</arg>
<arg>FAIL</arg>
<doc>Writes value to the cell.</doc>
<status status="PASS" starttime="20240318 18:10:11.890" endtime="20240318 18:10:11.890"/>
</kw>
<kw name="Save Excel Document" library="ExcelLibrary">
<arg>${EXCEL}</arg>
<doc>Saves the current document to disk.</doc>
<status status="PASS" starttime="20240318 18:10:11.891" endtime="20240318 18:10:11.901"/>
</kw>
<status status="PASS" starttime="20240318 18:10:11.890" endtime="20240318 18:10:11.901"/>
</branch>
<status status="PASS" starttime="20240318 18:10:11.888" endtime="20240318 18:10:11.901"/>
</if>
<status status="PASS" starttime="20240318 18:10:11.675" endtime="20240318 18:10:11.901"/>
</branch>
<branch type="ELSE">
<kw name="Write Excel Cell" library="ExcelLibrary">
<arg>${index}</arg>
<arg>6</arg>
<arg>PASS</arg>
<doc>Writes value to the cell.</doc>
<status status="NOT RUN" starttime="20240318 18:10:11.901" endtime="20240318 18:10:11.902"/>
</kw>
<kw name="Save Excel Document" library="ExcelLibrary">
<arg>${EXCEL}</arg>
<doc>Saves the current document to disk.</doc>
<status status="NOT RUN" starttime="20240318 18:10:11.902" endtime="20240318 18:10:11.902"/>
</kw>
<status status="NOT RUN" starttime="20240318 18:10:11.901" endtime="20240318 18:10:11.902"/>
</branch>
<status status="PASS" starttime="20240318 18:10:11.675" endtime="20240318 18:10:11.902"/>
</if>
<status status="PASS" starttime="20240318 18:10:11.484" endtime="20240318 18:10:11.902"/>
</iter>
<iter>
<var name="${index}">4</var>
<kw name="Read Excel Cell" library="ExcelLibrary">
<var>${cardNumber}</var>
<arg>${index}</arg>
<arg>2</arg>
<doc>Returns content of a cell.</doc>
<msg timestamp="20240318 18:10:11.903" level="INFO">${cardNumber} = None</msg>
<status status="PASS" starttime="20240318 18:10:11.903" endtime="20240318 18:10:11.903"/>
</kw>
<kw name="Wait Until Element Is Visible" library="SeleniumLibrary">
<arg>${localCardNumber}</arg>
<arg>10s</arg>
<doc>Waits until the element ``locator`` is visible.</doc>
<status status="PASS" starttime="20240318 18:10:11.903" endtime="20240318 18:10:11.941"/>
</kw>
<kw name="Input Text" library="SeleniumLibrary">
<arg>${localCardNumber}</arg>
<arg>${cardNumber}</arg>
<doc>Types the given ``text`` into the text field identified by ``locator``.</doc>
<msg timestamp="20240318 18:10:11.942" level="INFO">Typing text 'None' into text field 'id:card_number'.</msg>
<status status="PASS" starttime="20240318 18:10:11.942" endtime="20240318 18:10:12.014"/>
</kw>
<kw name="Click Element" library="SeleniumLibrary">
<arg>${localExpDate}</arg>
<doc>Click the element identified by ``locator``.</doc>
<msg timestamp="20240318 18:10:12.015" level="INFO">Clicking element 'id:exp_date'.</msg>
<status status="PASS" starttime="20240318 18:10:12.015" endtime="20240318 18:10:12.052"/>
</kw>
<kw name="Run Keyword And Return Status" library="BuiltIn">
<var>${resual1}</var>
<arg>Element Should Be Visible</arg>
<arg>${msgErrorCardNumne}</arg>
<doc>Runs the given keyword with given arguments and returns the status as a Boolean value.</doc>
<kw name="Element Should Be Visible" library="SeleniumLibrary">
<arg>${msgErrorCardNumne}</arg>
<doc>Verifies that the element identified by ``locator`` is visible.</doc>
<msg timestamp="20240318 18:10:12.068" level="INFO">Element 'xpath://div[@class='form-field form-field-big']//span[@class='error']' is displayed.</msg>
<status status="PASS" starttime="20240318 18:10:12.052" endtime="20240318 18:10:12.068"/>
</kw>
<msg timestamp="20240318 18:10:12.069" level="INFO">${resual1} = True</msg>
<status status="PASS" starttime="20240318 18:10:12.052" endtime="20240318 18:10:12.069"/>
</kw>
<if>
<branch type="IF" condition="${resual1} == $True">
<kw name="Log" library="BuiltIn">
<arg>test</arg>
<doc>Logs the given message with the given level.</doc>
<msg timestamp="20240318 18:10:12.070" level="INFO">test</msg>
<status status="PASS" starttime="20240318 18:10:12.069" endtime="20240318 18:10:12.070"/>
</kw>
<kw name="Read Excel Cell" library="ExcelLibrary">
<var>${epextMsg}</var>
<arg>${index}</arg>
<arg>5</arg>
<doc>Returns content of a cell.</doc>
<msg timestamp="20240318 18:10:12.070" level="INFO">${epextMsg} = Không hợp lệ</msg>
<status status="PASS" starttime="20240318 18:10:12.070" endtime="20240318 18:10:12.070"/>
</kw>
<kw name="Run Keyword And Return Status" library="BuiltIn">
<var>${resual2}</var>
<arg>Element Text Should Be</arg>
<arg>${msgErrorCardNumne}</arg>
<arg>${epextMsg}</arg>
<doc>Runs the given keyword with given arguments and returns the status as a Boolean value.</doc>
<kw name="Element Text Should Be" library="SeleniumLibrary">
<arg>${msgErrorCardNumne}</arg>
<arg>${epextMsg}</arg>
<doc>Verifies that element ``locator`` contains exact the text ``expected``.</doc>
<msg timestamp="20240318 18:10:12.072" level="INFO">Verifying element 'xpath://div[@class='form-field form-field-big']//span[@class='error']' contains exact text 'Không hợp lệ'.</msg>
<status status="PASS" starttime="20240318 18:10:12.071" endtime="20240318 18:10:12.086"/>
</kw>
<msg timestamp="20240318 18:10:12.086" level="INFO">${resual2} = True</msg>
<status status="PASS" starttime="20240318 18:10:12.071" endtime="20240318 18:10:12.086"/>
</kw>
<if>
<branch type="IF" condition="${resual2} == True">
<kw name="Write Excel Cell" library="ExcelLibrary">
<arg>${index}</arg>
<arg>6</arg>
<arg>PASS</arg>
<doc>Writes value to the cell.</doc>
<status status="PASS" starttime="20240318 18:10:12.087" endtime="20240318 18:10:12.087"/>
</kw>
<kw name="Save Excel Document" library="ExcelLibrary">
<arg>${EXCEL}</arg>
<doc>Saves the current document to disk.</doc>
<status status="PASS" starttime="20240318 18:10:12.087" endtime="20240318 18:10:12.095"/>
</kw>
<status status="PASS" starttime="20240318 18:10:12.086" endtime="20240318 18:10:12.095"/>
</branch>
<branch type="ELSE">
<kw name="Write Excel Cell" library="ExcelLibrary">
<arg>${index}</arg>
<arg>6</arg>
<arg>FAIL</arg>
<doc>Writes value to the cell.</doc>
<status status="NOT RUN" starttime="20240318 18:10:12.095" endtime="20240318 18:10:12.096"/>
</kw>
<kw name="Save Excel Document" library="ExcelLibrary">
<arg>${EXCEL}</arg>
<doc>Saves the current document to disk.</doc>
<status status="NOT RUN" starttime="20240318 18:10:12.096" endtime="20240318 18:10:12.096"/>
</kw>
<status status="NOT RUN" starttime="20240318 18:10:12.095" endtime="20240318 18:10:12.096"/>
</branch>
<status status="PASS" starttime="20240318 18:10:12.086" endtime="20240318 18:10:12.096"/>
</if>
<status status="PASS" starttime="20240318 18:10:12.069" endtime="20240318 18:10:12.096"/>
</branch>
<branch type="ELSE">
<kw name="Write Excel Cell" library="ExcelLibrary">
<arg>${index}</arg>
<arg>6</arg>
<arg>PASS</arg>
<doc>Writes value to the cell.</doc>
<status status="NOT RUN" starttime="20240318 18:10:12.096" endtime="20240318 18:10:12.097"/>
</kw>
<kw name="Save Excel Document" library="ExcelLibrary">
<arg>${EXCEL}</arg>
<doc>Saves the current document to disk.</doc>
<status status="NOT RUN" starttime="20240318 18:10:12.097" endtime="20240318 18:10:12.097"/>
</kw>
<status status="NOT RUN" starttime="20240318 18:10:12.096" endtime="20240318 18:10:12.097"/>
</branch>
<status status="PASS" starttime="20240318 18:10:12.069" endtime="20240318 18:10:12.097"/>
</if>
<status status="PASS" starttime="20240318 18:10:11.902" endtime="20240318 18:10:12.097"/>
</iter>
<iter>
<var name="${index}">5</var>
<kw name="Read Excel Cell" library="ExcelLibrary">
<var>${cardNumber}</var>
<arg>${index}</arg>
<arg>2</arg>
<doc>Returns content of a cell.</doc>
<msg timestamp="20240318 18:10:12.097" level="INFO">${cardNumber} = #$$sdhdasdd$$$</msg>
<status status="PASS" starttime="20240318 18:10:12.097" endtime="20240318 18:10:12.098"/>
</kw>
<kw name="Wait Until Element Is Visible" library="SeleniumLibrary">
<arg>${localCardNumber}</arg>
<arg>10s</arg>
<doc>Waits until the element ``locator`` is visible.</doc>
<status status="PASS" starttime="20240318 18:10:12.098" endtime="20240318 18:10:12.113"/>
</kw>
<kw name="Input Text" library="SeleniumLibrary">
<arg>${localCardNumber}</arg>
<arg>${cardNumber}</arg>
<doc>Types the given ``text`` into the text field identified by ``locator``.</doc>
<msg timestamp="20240318 18:10:12.115" level="INFO">Typing text '#$$sdhdasdd$$$' into text field 'id:card_number'.</msg>
<status status="PASS" starttime="20240318 18:10:12.114" endtime="20240318 18:10:12.203"/>
</kw>
<kw name="Click Element" library="SeleniumLibrary">
<arg>${localExpDate}</arg>
<doc>Click the element identified by ``locator``.</doc>
<msg timestamp="20240318 18:10:12.203" level="INFO">Clicking element 'id:exp_date'.</msg>
<status status="PASS" starttime="20240318 18:10:12.203" endtime="20240318 18:10:12.257"/>
</kw>
<kw name="Run Keyword And Return Status" library="BuiltIn">
<var>${resual1}</var>
<arg>Element Should Be Visible</arg>
<arg>${msgErrorCardNumne}</arg>
<doc>Runs the given keyword with given arguments and returns the status as a Boolean value.</doc>
<kw name="Element Should Be Visible" library="SeleniumLibrary">
<arg>${msgErrorCardNumne}</arg>
<doc>Verifies that the element identified by ``locator`` is visible.</doc>
<msg timestamp="20240318 18:10:12.276" level="INFO">Element 'xpath://div[@class='form-field form-field-big']//span[@class='error']' is displayed.</msg>
<status status="PASS" starttime="20240318 18:10:12.257" endtime="20240318 18:10:12.276"/>
</kw>
<msg timestamp="20240318 18:10:12.276" level="INFO">${resual1} = True</msg>
<status status="PASS" starttime="20240318 18:10:12.257" endtime="20240318 18:10:12.276"/>
</kw>
<if>
<branch type="IF" condition="${resual1} == $True">
<kw name="Log" library="BuiltIn">
<arg>test</arg>
<doc>Logs the given message with the given level.</doc>
<msg timestamp="20240318 18:10:12.277" level="INFO">test</msg>
<status status="PASS" starttime="20240318 18:10:12.277" endtime="20240318 18:10:12.279"/>
</kw>
<kw name="Read Excel Cell" library="ExcelLibrary">
<var>${epextMsg}</var>
<arg>${index}</arg>
<arg>5</arg>
<doc>Returns content of a cell.</doc>
<msg timestamp="20240318 18:10:12.279" level="INFO">${epextMsg} = Không hợp lệ</msg>
<status status="PASS" starttime="20240318 18:10:12.279" endtime="20240318 18:10:12.279"/>
</kw>
<kw name="Run Keyword And Return Status" library="BuiltIn">
<var>${resual2}</var>
<arg>Element Text Should Be</arg>
<arg>${msgErrorCardNumne}</arg>
<arg>${epextMsg}</arg>
<doc>Runs the given keyword with given arguments and returns the status as a Boolean value.</doc>
<kw name="Element Text Should Be" library="SeleniumLibrary">
<arg>${msgErrorCardNumne}</arg>
<arg>${epextMsg}</arg>
<doc>Verifies that element ``locator`` contains exact the text ``expected``.</doc>
<msg timestamp="20240318 18:10:12.280" level="INFO">Verifying element 'xpath://div[@class='form-field form-field-big']//span[@class='error']' contains exact text 'Không hợp lệ'.</msg>
<status status="PASS" starttime="20240318 18:10:12.280" endtime="20240318 18:10:12.296"/>
</kw>
<msg timestamp="20240318 18:10:12.296" level="INFO">${resual2} = True</msg>
<status status="PASS" starttime="20240318 18:10:12.280" endtime="20240318 18:10:12.296"/>
</kw>
<if>
<branch type="IF" condition="${resual2} == True">
<kw name="Write Excel Cell" library="ExcelLibrary">
<arg>${index}</arg>
<arg>6</arg>
<arg>PASS</arg>
<doc>Writes value to the cell.</doc>
<status status="PASS" starttime="20240318 18:10:12.298" endtime="20240318 18:10:12.298"/>
</kw>
<kw name="Save Excel Document" library="ExcelLibrary">
<arg>${EXCEL}</arg>
<doc>Saves the current document to disk.</doc>
<status status="PASS" starttime="20240318 18:10:12.298" endtime="20240318 18:10:12.308"/>
</kw>
<status status="PASS" starttime="20240318 18:10:12.296" endtime="20240318 18:10:12.308"/>
</branch>
<branch type="ELSE">
<kw name="Write Excel Cell" library="ExcelLibrary">
<arg>${index}</arg>
<arg>6</arg>
<arg>FAIL</arg>
<doc>Writes value to the cell.</doc>
<status status="NOT RUN" starttime="20240318 18:10:12.309" endtime="20240318 18:10:12.309"/>
</kw>
<kw name="Save Excel Document" library="ExcelLibrary">
<arg>${EXCEL}</arg>
<doc>Saves the current document to disk.</doc>
<status status="NOT RUN" starttime="20240318 18:10:12.310" endtime="20240318 18:10:12.310"/>
</kw>
<status status="NOT RUN" starttime="20240318 18:10:12.308" endtime="20240318 18:10:12.310"/>
</branch>
<status status="PASS" starttime="20240318 18:10:12.296" endtime="20240318 18:10:12.310"/>
</if>
<status status="PASS" starttime="20240318 18:10:12.276" endtime="20240318 18:10:12.310"/>
</branch>
<branch type="ELSE">
<kw name="Write Excel Cell" library="ExcelLibrary">
<arg>${index}</arg>
<arg>6</arg>
<arg>PASS</arg>
<doc>Writes value to the cell.</doc>
<status status="NOT RUN" starttime="20240318 18:10:12.310" endtime="20240318 18:10:12.310"/>
</kw>
<kw name="Save Excel Document" library="ExcelLibrary">
<arg>${EXCEL}</arg>
<doc>Saves the current document to disk.</doc>
<status status="NOT RUN" starttime="20240318 18:10:12.311" endtime="20240318 18:10:12.311"/>
</kw>
<status status="NOT RUN" starttime="20240318 18:10:12.310" endtime="20240318 18:10:12.311"/>
</branch>
<status status="PASS" starttime="20240318 18:10:12.276" endtime="20240318 18:10:12.311"/>
</if>
<status status="PASS" starttime="20240318 18:10:12.097" endtime="20240318 18:10:12.311"/>
</iter>
<iter>
<var name="${index}">6</var>
<kw name="Read Excel Cell" library="ExcelLibrary">
<var>${cardNumber}</var>
<arg>${index}</arg>
<arg>2</arg>
<doc>Returns content of a cell.</doc>
<msg timestamp="20240318 18:10:12.312" level="INFO">${cardNumber} = 9704270000000009</msg>
<status status="PASS" starttime="20240318 18:10:12.312" endtime="20240318 18:10:12.313"/>
</kw>
<kw name="Wait Until Element Is Visible" library="SeleniumLibrary">
<arg>${localCardNumber}</arg>
<arg>10s</arg>
<doc>Waits until the element ``locator`` is visible.</doc>
<status status="PASS" starttime="20240318 18:10:12.313" endtime="20240318 18:10:12.352"/>
</kw>
<kw name="Input Text" library="SeleniumLibrary">
<arg>${localCardNumber}</arg>
<arg>${cardNumber}</arg>
<doc>Types the given ``text`` into the text field identified by ``locator``.</doc>
<msg timestamp="20240318 18:10:12.353" level="INFO">Typing text '9704270000000009' into text field 'id:card_number'.</msg>
<status status="PASS" starttime="20240318 18:10:12.352" endtime="20240318 18:10:12.440"/>
</kw>
<kw name="Click Element" library="SeleniumLibrary">
<arg>${localExpDate}</arg>
<doc>Click the element identified by ``locator``.</doc>
<msg timestamp="20240318 18:10:12.441" level="INFO">Clicking element 'id:exp_date'.</msg>
<status status="PASS" starttime="20240318 18:10:12.441" endtime="20240318 18:10:12.476"/>
</kw>
<kw name="Run Keyword And Return Status" library="BuiltIn">
<var>${resual1}</var>
<arg>Element Should Be Visible</arg>
<arg>${msgErrorCardNumne}</arg>
<doc>Runs the given keyword with given arguments and returns the status as a Boolean value.</doc>
<kw name="Element Should Be Visible" library="SeleniumLibrary">
<arg>${msgErrorCardNumne}</arg>
<doc>Verifies that the element identified by ``locator`` is visible.</doc>
<msg timestamp="20240318 18:10:12.491" level="INFO">Element 'xpath://div[@class='form-field form-field-big']//span[@class='error']' is displayed.</msg>
<status status="PASS" starttime="20240318 18:10:12.476" endtime="20240318 18:10:12.492"/>
</kw>
<msg timestamp="20240318 18:10:12.492" level="INFO">${resual1} = True</msg>
<status status="PASS" starttime="20240318 18:10:12.476" endtime="20240318 18:10:12.492"/>
</kw>
<if>
<branch type="IF" condition="${resual1} == $True">
<kw name="Log" library="BuiltIn">
<arg>test</arg>
<doc>Logs the given message with the given level.</doc>
<msg timestamp="20240318 18:10:12.492" level="INFO">test</msg>
<status status="PASS" starttime="20240318 18:10:12.492" endtime="20240318 18:10:12.493"/>
</kw>
<kw name="Read Excel Cell" library="ExcelLibrary">
<var>${epextMsg}</var>
<arg>${index}</arg>
<arg>5</arg>
<doc>Returns content of a cell.</doc>
<msg timestamp="20240318 18:10:12.493" level="INFO">${epextMsg} = Số thẻ không đúng</msg>
<status status="PASS" starttime="20240318 18:10:12.493" endtime="20240318 18:10:12.493"/>
</kw>
<kw name="Run Keyword And Return Status" library="BuiltIn">
<var>${resual2}</var>
<arg>Element Text Should Be</arg>
<arg>${msgErrorCardNumne}</arg>
<arg>${epextMsg}</arg>
<doc>Runs the given keyword with given arguments and returns the status as a Boolean value.</doc>
<kw name="Element Text Should Be" library="SeleniumLibrary">
<arg>${msgErrorCardNumne}</arg>
<arg>${epextMsg}</arg>
<doc>Verifies that element ``locator`` contains exact the text ``expected``.</doc>
<msg timestamp="20240318 18:10:12.494" level="INFO">Verifying element 'xpath://div[@class='form-field form-field-big']//span[@class='error']' contains exact text 'Số thẻ không đúng'.</msg>
<status status="PASS" starttime="20240318 18:10:12.493" endtime="20240318 18:10:12.508"/>
</kw>
<msg timestamp="20240318 18:10:12.508" level="INFO">${resual2} = True</msg>
<status status="PASS" starttime="20240318 18:10:12.493" endtime="20240318 18:10:12.508"/>
</kw>
<if>
<branch type="IF" condition="${resual2} == True">
<kw name="Write Excel Cell" library="ExcelLibrary">
<arg>${index}</arg>
<arg>6</arg>
<arg>PASS</arg>
<doc>Writes value to the cell.</doc>
<status status="PASS" starttime="20240318 18:10:12.508" endtime="20240318 18:10:12.509"/>
</kw>
<kw name="Save Excel Document" library="ExcelLibrary">
<arg>${EXCEL}</arg>
<doc>Saves the current document to disk.</doc>
<status status="PASS" starttime="20240318 18:10:12.509" endtime="20240318 18:10:12.517"/>
</kw>
<status status="PASS" starttime="20240318 18:10:12.508" endtime="20240318 18:10:12.517"/>
</branch>
<branch type="ELSE">
<kw name="Write Excel Cell" library="ExcelLibrary">
<arg>${index}</arg>
<arg>6</arg>
<arg>FAIL</arg>
<doc>Writes value to the cell.</doc>
<status status="NOT RUN" starttime="20240318 18:10:12.518" endtime="20240318 18:10:12.518"/>
</kw>
<kw name="Save Excel Document" library="ExcelLibrary">
<arg>${EXCEL}</arg>
<doc>Saves the current document to disk.</doc>
<status status="NOT RUN" starttime="20240318 18:10:12.518" endtime="20240318 18:10:12.518"/>
</kw>
<status status="NOT RUN" starttime="20240318 18:10:12.517" endtime="20240318 18:10:12.518"/>
</branch>
<status status="PASS" starttime="20240318 18:10:12.508" endtime="20240318 18:10:12.518"/>
</if>
<status status="PASS" starttime="20240318 18:10:12.492" endtime="20240318 18:10:12.518"/>
</branch>
<branch type="ELSE">
<kw name="Write Excel Cell" library="ExcelLibrary">
<arg>${index}</arg>
<arg>6</arg>
<arg>PASS</arg>
<doc>Writes value to the cell.</doc>
<status status="NOT RUN" starttime="20240318 18:10:12.518" endtime="20240318 18:10:12.518"/>
</kw>
<kw name="Save Excel Document" library="ExcelLibrary">
<arg>${EXCEL}</arg>
<doc>Saves the current document to disk.</doc>
<status status="NOT RUN" starttime="20240318 18:10:12.518" endtime="20240318 18:10:12.519"/>
</kw>
<status status="NOT RUN" starttime="20240318 18:10:12.518" endtime="20240318 18:10:12.519"/>
</branch>
<status status="PASS" starttime="20240318 18:10:12.492" endtime="20240318 18:10:12.519"/>
</if>
<status status="PASS" starttime="20240318 18:10:12.312" endtime="20240318 18:10:12.519"/>
</iter>
<status status="PASS" starttime="20240318 18:10:11.038" endtime="20240318 18:10:12.519"/>
</for>
<status status="PASS" starttime="20240318 18:10:11.038" endtime="20240318 18:10:12.519"/>
</kw>
<kw name="Reload Page" library="SeleniumLibrary">
<doc>Simulates user reloading page.</doc>
<status status="PASS" starttime="20240318 18:10:12.520" endtime="20240318 18:10:12.936"/>
</kw>
<kw name="Validate expDate" library="Paygate">
<for flavor="IN RANGE">
<var>${index}</var>
<value>7</value>
<value>10</value>
<iter>
<var name="${index}">7</var>
<kw name="Read Excel Cell" library="ExcelLibrary">
<var>${expDate}</var>
<arg>${index}</arg>
<arg>3</arg>
<doc>Returns content of a cell.</doc>
<msg timestamp="20240318 18:10:12.938" level="INFO">${expDate} = 0113@$#$</msg>
<status status="PASS" starttime="20240318 18:10:12.938" endtime="20240318 18:10:12.938"/>
</kw>
<kw name="Wait Until Element Is Visible" library="SeleniumLibrary">
<arg>${localExpDate}</arg>
<arg>10s</arg>
<doc>Waits until the element ``locator`` is visible.</doc>
<status status="PASS" starttime="20240318 18:10:12.939" endtime="20240318 18:10:13.034"/>
</kw>
<kw name="Clear Element Text" library="SeleniumLibrary">
<arg>${localExpDate}</arg>
<doc>Clears the value of the text-input-element identified by ``locator``.</doc>
<status status="PASS" starttime="20240318 18:10:13.035" endtime="20240318 18:10:13.059"/>
</kw>
<kw name="Input Text" library="SeleniumLibrary">
<arg>${localExpDate}</arg>
<arg>${expDate}</arg>
<doc>Types the given ``text`` into the text field identified by ``locator``.</doc>
<msg timestamp="20240318 18:10:13.059" level="INFO">Typing text '0113@$#$' into text field 'id:exp_date'.</msg>
<status status="PASS" starttime="20240318 18:10:13.059" endtime="20240318 18:10:13.141"/>
</kw>
<kw name="Sleep" library="BuiltIn">
<arg>2</arg>
<doc>Pauses the test executed for the given time.</doc>
<msg timestamp="20240318 18:10:15.142" level="INFO">Slept 2 seconds</msg>
<status status="PASS" starttime="20240318 18:10:13.142" endtime="20240318 18:10:15.142"/>
</kw>
<kw name="Click Element" library="SeleniumLibrary">
<arg>${localCardName}</arg>
<doc>Click the element identified by ``locator``.</doc>
<msg timestamp="20240318 18:10:15.144" level="INFO">Clicking element 'id:card_name'.</msg>
<status status="PASS" starttime="20240318 18:10:15.143" endtime="20240318 18:10:15.185"/>
</kw>
<kw name="Read Excel Cell" library="ExcelLibrary">
<var>${epextMsg}</var>
<arg>${index}</arg>
<arg>5</arg>
<doc>Returns content of a cell.</doc>
<msg timestamp="20240318 18:10:15.185" level="INFO">${epextMsg} = None</msg>
<status status="PASS" starttime="20240318 18:10:15.185" endtime="20240318 18:10:15.185"/>
</kw>
<kw name="Run Keyword And Return Status" library="BuiltIn">
<var>${resual1}</var>
<arg>Element Should Be Visible</arg>
<arg>${msgErrorDate}</arg>
<doc>Runs the given keyword with given arguments and returns the status as a Boolean value.</doc>
<kw name="Element Should Be Visible" library="SeleniumLibrary">
<arg>${msgErrorDate}</arg>
<doc>Verifies that the element identified by ``locator`` is visible.</doc>
<msg timestamp="20240318 18:10:15.341" level="INFO" html="true">&lt;/td&gt;&lt;/tr&gt;&lt;tr&gt;&lt;td colspan="3"&gt;&lt;a href="selenium-screenshot-4.png"&gt;&lt;img src="selenium-screenshot-4.png" width="800px"&gt;&lt;/a&gt;</msg>
<msg timestamp="20240318 18:10:15.341" level="FAIL">Element with locator 'xpath:(//span[@class='error'])[1]' not found.</msg>
<status status="FAIL" starttime="20240318 18:10:15.186" endtime="20240318 18:10:15.342"/>
</kw>
<msg timestamp="20240318 18:10:15.342" level="INFO">${resual1} = False</msg>
<status status="PASS" starttime="20240318 18:10:15.186" endtime="20240318 18:10:15.343"/>
</kw>
<if>
<branch type="IF" condition="${resual1} == $True">
<kw name="Log" library="BuiltIn">
<arg>test</arg>
<doc>Logs the given message with the given level.</doc>
<status status="NOT RUN" starttime="20240318 18:10:15.343" endtime="20240318 18:10:15.343"/>
</kw>
<kw name="Run Keyword And Return Status" library="BuiltIn">
<var>${resual2}</var>
<arg>Element Text Should Be</arg>
<arg>${msgErrorDate}</arg>
<arg>${epextMsg}</arg>
<doc>Runs the given keyword with given arguments and returns the status as a Boolean value.</doc>
<status status="NOT RUN" starttime="20240318 18:10:15.344" endtime="20240318 18:10:15.344"/>
</kw>
<if>
<branch type="IF" condition="${resual2} == True">
<kw name="Write Excel Cell" library="ExcelLibrary">
<arg>${index}</arg>
<arg>6</arg>
<arg>PASS</arg>
<doc>Writes value to the cell.</doc>
<status status="NOT RUN" starttime="20240318 18:10:15.344" endtime="20240318 18:10:15.344"/>
</kw>
<kw name="Save Excel Document" library="ExcelLibrary">
<arg>${EXCEL}</arg>
<doc>Saves the current document to disk.</doc>
<status status="NOT RUN" starttime="20240318 18:10:15.344" endtime="20240318 18:10:15.344"/>
</kw>
<status status="NOT RUN" starttime="20240318 18:10:15.344" endtime="20240318 18:10:15.344"/>
</branch>
<branch type="ELSE">
<kw name="Write Excel Cell" library="ExcelLibrary">
<arg>${index}</arg>
<arg>6</arg>
<arg>FAIL</arg>
<doc>Writes value to the cell.</doc>
<status status="NOT RUN" starttime="20240318 18:10:15.344" endtime="20240318 18:10:15.344"/>
</kw>
<kw name="Save Excel Document" library="ExcelLibrary">
<arg>${EXCEL}</arg>
<doc>Saves the current document to disk.</doc>
<status status="NOT RUN" starttime="20240318 18:10:15.346" endtime="20240318 18:10:15.346"/>
</kw>
<status status="NOT RUN" starttime="20240318 18:10:15.344" endtime="20240318 18:10:15.346"/>
</branch>
<status status="NOT RUN" starttime="20240318 18:10:15.344" endtime="20240318 18:10:15.346"/>
</if>
<status status="NOT RUN" starttime="20240318 18:10:15.343" endtime="20240318 18:10:15.346"/>
</branch>
<branch type="ELSE">
<kw name="Write Excel Cell" library="ExcelLibrary">
<arg>${index}</arg>
<arg>6</arg>
<arg>PASS</arg>
<doc>Writes value to the cell.</doc>
<status status="PASS" starttime="20240318 18:10:15.346" endtime="20240318 18:10:15.347"/>
</kw>
<kw name="Save Excel Document" library="ExcelLibrary">
<arg>${EXCEL}</arg>
<doc>Saves the current document to disk.</doc>
<status status="PASS" starttime="20240318 18:10:15.347" endtime="20240318 18:10:15.355"/>
</kw>
<status status="PASS" starttime="20240318 18:10:15.346" endtime="20240318 18:10:15.355"/>
</branch>
<status status="PASS" starttime="20240318 18:10:15.343" endtime="20240318 18:10:15.356"/>
</if>
<status status="PASS" starttime="20240318 18:10:12.938" endtime="20240318 18:10:15.356"/>
</iter>
<iter>
<var name="${index}">8</var>
<kw name="Read Excel Cell" library="ExcelLibrary">
<var>${expDate}</var>
<arg>${index}</arg>
<arg>3</arg>
<doc>Returns content of a cell.</doc>
<msg timestamp="20240318 18:10:15.357" level="INFO">${expDate} = @$#$</msg>
<status status="PASS" starttime="20240318 18:10:15.356" endtime="20240318 18:10:15.357"/>
</kw>
<kw name="Wait Until Element Is Visible" library="SeleniumLibrary">
<arg>${localExpDate}</arg>
<arg>10s</arg>
<doc>Waits until the element ``locator`` is visible.</doc>
<status status="PASS" starttime="20240318 18:10:15.357" endtime="20240318 18:10:15.404"/>
</kw>
<kw name="Clear Element Text" library="SeleniumLibrary">
<arg>${localExpDate}</arg>
<doc>Clears the value of the text-input-element identified by ``locator``.</doc>
<status status="PASS" starttime="20240318 18:10:15.405" endtime="20240318 18:10:15.443"/>
</kw>
<kw name="Input Text" library="SeleniumLibrary">
<arg>${localExpDate}</arg>
<arg>${expDate}</arg>
<doc>Types the given ``text`` into the text field identified by ``locator``.</doc>
<msg timestamp="20240318 18:10:15.444" level="INFO">Typing text '@$#$' into text field 'id:exp_date'.</msg>
<status status="PASS" starttime="20240318 18:10:15.443" endtime="20240318 18:10:15.516"/>
</kw>
<kw name="Sleep" library="BuiltIn">
<arg>2</arg>
<doc>Pauses the test executed for the given time.</doc>
<msg timestamp="20240318 18:10:17.516" level="INFO">Slept 2 seconds</msg>
<status status="PASS" starttime="20240318 18:10:15.516" endtime="20240318 18:10:17.516"/>
</kw>
<kw name="Click Element" library="SeleniumLibrary">
<arg>${localCardName}</arg>
<doc>Click the element identified by ``locator``.</doc>
<msg timestamp="20240318 18:10:17.516" level="INFO">Clicking element 'id:card_name'.</msg>
<status status="PASS" starttime="20240318 18:10:17.516" endtime="20240318 18:10:17.551"/>
</kw>
<kw name="Read Excel Cell" library="ExcelLibrary">
<var>${epextMsg}</var>
<arg>${index}</arg>
<arg>5</arg>
<doc>Returns content of a cell.</doc>
<msg timestamp="20240318 18:10:17.552" level="INFO">${epextMsg} = Không hợp lệ</msg>
<status status="PASS" starttime="20240318 18:10:17.551" endtime="20240318 18:10:17.552"/>
</kw>
<kw name="Run Keyword And Return Status" library="BuiltIn">
<var>${resual1}</var>
<arg>Element Should Be Visible</arg>
<arg>${msgErrorDate}</arg>
<doc>Runs the given keyword with given arguments and returns the status as a Boolean value.</doc>
<kw name="Element Should Be Visible" library="SeleniumLibrary">
<arg>${msgErrorDate}</arg>
<doc>Verifies that the element identified by ``locator`` is visible.</doc>
<msg timestamp="20240318 18:10:17.567" level="INFO">Element 'xpath:(//span[@class='error'])[1]' is displayed.</msg>
<status status="PASS" starttime="20240318 18:10:17.552" endtime="20240318 18:10:17.567"/>
</kw>
<msg timestamp="20240318 18:10:17.567" level="INFO">${resual1} = True</msg>
<status status="PASS" starttime="20240318 18:10:17.552" endtime="20240318 18:10:17.567"/>
</kw>
<if>
<branch type="IF" condition="${resual1} == $True">
<kw name="Log" library="BuiltIn">
<arg>test</arg>
<doc>Logs the given message with the given level.</doc>
<msg timestamp="20240318 18:10:17.568" level="INFO">test</msg>
<status status="PASS" starttime="20240318 18:10:17.568" endtime="20240318 18:10:17.568"/>
</kw>
<kw name="Run Keyword And Return Status" library="BuiltIn">
<var>${resual2}</var>
<arg>Element Text Should Be</arg>
<arg>${msgErrorDate}</arg>
<arg>${epextMsg}</arg>
<doc>Runs the given keyword with given arguments and returns the status as a Boolean value.</doc>
<kw name="Element Text Should Be" library="SeleniumLibrary">
<arg>${msgErrorDate}</arg>
<arg>${epextMsg}</arg>
<doc>Verifies that element ``locator`` contains exact the text ``expected``.</doc>
<msg timestamp="20240318 18:10:17.569" level="INFO">Verifying element 'xpath:(//span[@class='error'])[1]' contains exact text 'Không hợp lệ'.</msg>
<status status="PASS" starttime="20240318 18:10:17.568" endtime="20240318 18:10:17.583"/>
</kw>
<msg timestamp="20240318 18:10:17.584" level="INFO">${resual2} = True</msg>
<status status="PASS" starttime="20240318 18:10:17.568" endtime="20240318 18:10:17.584"/>
</kw>
<if>
<branch type="IF" condition="${resual2} == True">
<kw name="Write Excel Cell" library="ExcelLibrary">
<arg>${index}</arg>
<arg>6</arg>
<arg>PASS</arg>
<doc>Writes value to the cell.</doc>
<status status="PASS" starttime="20240318 18:10:17.584" endtime="20240318 18:10:17.584"/>
</kw>
<kw name="Save Excel Document" library="ExcelLibrary">
<arg>${EXCEL}</arg>
<doc>Saves the current document to disk.</doc>
<status status="PASS" starttime="20240318 18:10:17.584" endtime="20240318 18:10:17.592"/>
</kw>
<status status="PASS" starttime="20240318 18:10:17.584" endtime="20240318 18:10:17.592"/>
</branch>
<branch type="ELSE">
<kw name="Write Excel Cell" library="ExcelLibrary">
<arg>${index}</arg>
<arg>6</arg>
<arg>FAIL</arg>
<doc>Writes value to the cell.</doc>
<status status="NOT RUN" starttime="20240318 18:10:17.592" endtime="20240318 18:10:17.592"/>
</kw>
<kw name="Save Excel Document" library="ExcelLibrary">
<arg>${EXCEL}</arg>
<doc>Saves the current document to disk.</doc>
<status status="NOT RUN" starttime="20240318 18:10:17.592" endtime="20240318 18:10:17.593"/>
</kw>
<status status="NOT RUN" starttime="20240318 18:10:17.592" endtime="20240318 18:10:17.593"/>
</branch>
<status status="PASS" starttime="20240318 18:10:17.584" endtime="20240318 18:10:17.593"/>
</if>
<status status="PASS" starttime="20240318 18:10:17.567" endtime="20240318 18:10:17.593"/>
</branch>
<branch type="ELSE">
<kw name="Write Excel Cell" library="ExcelLibrary">
<arg>${index}</arg>
<arg>6</arg>
<arg>PASS</arg>
<doc>Writes value to the cell.</doc>
<status status="NOT RUN" starttime="20240318 18:10:17.593" endtime="20240318 18:10:17.593"/>
</kw>
<kw name="Save Excel Document" library="ExcelLibrary">
<arg>${EXCEL}</arg>
<doc>Saves the current document to disk.</doc>
<status status="NOT RUN" starttime="20240318 18:10:17.593" endtime="20240318 18:10:17.593"/>
</kw>
<status status="NOT RUN" starttime="20240318 18:10:17.593" endtime="20240318 18:10:17.593"/>
</branch>
<status status="PASS" starttime="20240318 18:10:17.567" endtime="20240318 18:10:17.593"/>
</if>
<status status="PASS" starttime="20240318 18:10:15.356" endtime="20240318 18:10:17.593"/>
</iter>
<iter>
<var name="${index}">9</var>
<kw name="Read Excel Cell" library="ExcelLibrary">
<var>${expDate}</var>
<arg>${index}</arg>
<arg>3</arg>
<doc>Returns content of a cell.</doc>
<msg timestamp="20240318 18:10:17.594" level="INFO">${expDate} = None</msg>
<status status="PASS" starttime="20240318 18:10:17.594" endtime="20240318 18:10:17.594"/>
</kw>
<kw name="Wait Until Element Is Visible" library="SeleniumLibrary">
<arg>${localExpDate}</arg>
<arg>10s</arg>
<doc>Waits until the element ``locator`` is visible.</doc>
<status status="PASS" starttime="20240318 18:10:17.594" endtime="20240318 18:10:17.609"/>
</kw>
<kw name="Clear Element Text" library="SeleniumLibrary">
<arg>${localExpDate}</arg>
<doc>Clears the value of the text-input-element identified by ``locator``.</doc>
<status status="PASS" starttime="20240318 18:10:17.609" endtime="20240318 18:10:17.636"/>
</kw>
<kw name="Input Text" library="SeleniumLibrary">
<arg>${localExpDate}</arg>
<arg>${expDate}</arg>
<doc>Types the given ``text`` into the text field identified by ``locator``.</doc>
<msg timestamp="20240318 18:10:17.637" level="INFO">Typing text 'None' into text field 'id:exp_date'.</msg>
<status status="PASS" starttime="20240318 18:10:17.636" endtime="20240318 18:10:17.706"/>
</kw>
<kw name="Sleep" library="BuiltIn">
<arg>2</arg>
<doc>Pauses the test executed for the given time.</doc>
<msg timestamp="20240318 18:10:19.707" level="INFO">Slept 2 seconds</msg>
<status status="PASS" starttime="20240318 18:10:17.706" endtime="20240318 18:10:19.707"/>
</kw>
<kw name="Click Element" library="SeleniumLibrary">
<arg>${localCardName}</arg>
<doc>Click the element identified by ``locator``.</doc>
<msg timestamp="20240318 18:10:19.708" level="INFO">Clicking element 'id:card_name'.</msg>
<status status="PASS" starttime="20240318 18:10:19.708" endtime="20240318 18:10:19.752"/>
</kw>
<kw name="Read Excel Cell" library="ExcelLibrary">
<var>${epextMsg}</var>
<arg>${index}</arg>
<arg>5</arg>
<doc>Returns content of a cell.</doc>
<msg timestamp="20240318 18:10:19.753" level="INFO">${epextMsg} = Không hợp lệ</msg>
<status status="PASS" starttime="20240318 18:10:19.752" endtime="20240318 18:10:19.753"/>
</kw>
<kw name="Run Keyword And Return Status" library="BuiltIn">
<var>${resual1}</var>
<arg>Element Should Be Visible</arg>
<arg>${msgErrorDate}</arg>
<doc>Runs the given keyword with given arguments and returns the status as a Boolean value.</doc>
<kw name="Element Should Be Visible" library="SeleniumLibrary">
<arg>${msgErrorDate}</arg>
<doc>Verifies that the element identified by ``locator`` is visible.</doc>
<msg timestamp="20240318 18:10:19.767" level="INFO">Element 'xpath:(//span[@class='error'])[1]' is displayed.</msg>
<status status="PASS" starttime="20240318 18:10:19.753" endtime="20240318 18:10:19.767"/>
</kw>
<msg timestamp="20240318 18:10:19.768" level="INFO">${resual1} = True</msg>
<status status="PASS" starttime="20240318 18:10:19.753" endtime="20240318 18:10:19.768"/>
</kw>
<if>
<branch type="IF" condition="${resual1} == $True">
<kw name="Log" library="BuiltIn">
<arg>test</arg>
<doc>Logs the given message with the given level.</doc>
<msg timestamp="20240318 18:10:19.768" level="INFO">test</msg>
<status status="PASS" starttime="20240318 18:10:19.768" endtime="20240318 18:10:19.768"/>
</kw>
<kw name="Run Keyword And Return Status" library="BuiltIn">
<var>${resual2}</var>
<arg>Element Text Should Be</arg>
<arg>${msgErrorDate}</arg>
<arg>${epextMsg}</arg>
<doc>Runs the given keyword with given arguments and returns the status as a Boolean value.</doc>
<kw name="Element Text Should Be" library="SeleniumLibrary">
<arg>${msgErrorDate}</arg>
<arg>${epextMsg}</arg>
<doc>Verifies that element ``locator`` contains exact the text ``expected``.</doc>
<msg timestamp="20240318 18:10:19.769" level="INFO">Verifying element 'xpath:(//span[@class='error'])[1]' contains exact text 'Không hợp lệ'.</msg>
<status status="PASS" starttime="20240318 18:10:19.769" endtime="20240318 18:10:19.781"/>
</kw>
<msg timestamp="20240318 18:10:19.781" level="INFO">${resual2} = True</msg>
<status status="PASS" starttime="20240318 18:10:19.769" endtime="20240318 18:10:19.781"/>
</kw>
<if>
<branch type="IF" condition="${resual2} == True">
<kw name="Write Excel Cell" library="ExcelLibrary">
<arg>${index}</arg>
<arg>6</arg>
<arg>PASS</arg>
<doc>Writes value to the cell.</doc>
<status status="PASS" starttime="20240318 18:10:19.782" endtime="20240318 18:10:19.782"/>
</kw>
<kw name="Save Excel Document" library="ExcelLibrary">
<arg>${EXCEL}</arg>
<doc>Saves the current document to disk.</doc>
<status status="PASS" starttime="20240318 18:10:19.782" endtime="20240318 18:10:19.789"/>
</kw>
<status status="PASS" starttime="20240318 18:10:19.781" endtime="20240318 18:10:19.789"/>
</branch>
<branch type="ELSE">
<kw name="Write Excel Cell" library="ExcelLibrary">
<arg>${index}</arg>
<arg>6</arg>
<arg>FAIL</arg>
<doc>Writes value to the cell.</doc>
<status status="NOT RUN" starttime="20240318 18:10:19.790" endtime="20240318 18:10:19.790"/>
</kw>
<kw name="Save Excel Document" library="ExcelLibrary">
<arg>${EXCEL}</arg>
<doc>Saves the current document to disk.</doc>
<status status="NOT RUN" starttime="20240318 18:10:19.790" endtime="20240318 18:10:19.790"/>
</kw>
<status status="NOT RUN" starttime="20240318 18:10:19.790" endtime="20240318 18:10:19.790"/>
</branch>
<status status="PASS" starttime="20240318 18:10:19.781" endtime="20240318 18:10:19.790"/>
</if>
<status status="PASS" starttime="20240318 18:10:19.768" endtime="20240318 18:10:19.791"/>
</branch>
<branch type="ELSE">
<kw name="Write Excel Cell" library="ExcelLibrary">
<arg>${index}</arg>
<arg>6</arg>
<arg>PASS</arg>
<doc>Writes value to the cell.</doc>
<status status="NOT RUN" starttime="20240318 18:10:19.791" endtime="20240318 18:10:19.791"/>
</kw>
<kw name="Save Excel Document" library="ExcelLibrary">
<arg>${EXCEL}</arg>
<doc>Saves the current document to disk.</doc>
<status status="NOT RUN" starttime="20240318 18:10:19.791" endtime="20240318 18:10:19.791"/>
</kw>
<status status="NOT RUN" starttime="20240318 18:10:19.791" endtime="20240318 18:10:19.791"/>
</branch>
<status status="PASS" starttime="20240318 18:10:19.768" endtime="20240318 18:10:19.792"/>
</if>
<status status="PASS" starttime="20240318 18:10:17.594" endtime="20240318 18:10:19.792"/>
</iter>
<status status="PASS" starttime="20240318 18:10:12.937" endtime="20240318 18:10:19.792"/>
</for>
<status status="PASS" starttime="20240318 18:10:12.937" endtime="20240318 18:10:19.792"/>
</kw>
<kw name="Reload Page" library="SeleniumLibrary">
<doc>Simulates user reloading page.</doc>
<status status="PASS" starttime="20240318 18:10:19.823" endtime="20240318 18:10:20.035"/>
</kw>
<kw name="Validate cardName" library="Paygate">
<for flavor="IN RANGE">
<var>${index}</var>
<value>10</value>
<value>12</value>
<iter>
<var name="${index}">10</var>
<kw name="Read Excel Cell" library="ExcelLibrary">
<var>${userName}</var>
<arg>${index}</arg>
<arg>4</arg>
<doc>Returns content of a cell.</doc>
<msg timestamp="20240318 18:10:20.036" level="INFO">${userName} = None</msg>
<status status="PASS" starttime="20240318 18:10:20.036" endtime="20240318 18:10:20.036"/>
</kw>
<kw name="Wait Until Element Is Visible" library="SeleniumLibrary">
<arg>${localCardName}</arg>
<arg>10s</arg>
<doc>Waits until the element ``locator`` is visible.</doc>
<status status="PASS" starttime="20240318 18:10:20.037" endtime="20240318 18:10:20.264"/>
</kw>
<kw name="Clear Element Text" library="SeleniumLibrary">
<arg>${localCardName}</arg>
<doc>Clears the value of the text-input-element identified by ``locator``.</doc>
<status status="PASS" starttime="20240318 18:10:20.264" endtime="20240318 18:10:20.290"/>
</kw>
<kw name="Input Text" library="SeleniumLibrary">
<arg>${localCardName}</arg>
<arg>${userName}</arg>
<doc>Types the given ``text`` into the text field identified by ``locator``.</doc>
<msg timestamp="20240318 18:10:20.291" level="INFO">Typing text 'None' into text field 'id:card_name'.</msg>
<status status="PASS" starttime="20240318 18:10:20.290" endtime="20240318 18:10:20.350"/>
</kw>
<kw name="Sleep" library="BuiltIn">
<arg>2</arg>
<doc>Pauses the test executed for the given time.</doc>
<msg timestamp="20240318 18:10:22.351" level="INFO">Slept 2 seconds</msg>
<status status="PASS" starttime="20240318 18:10:20.350" endtime="20240318 18:10:22.351"/>
</kw>
<kw name="Click Element" library="SeleniumLibrary">
<arg>${localExpDate}</arg>
<doc>Click the element identified by ``locator``.</doc>
<msg timestamp="20240318 18:10:22.353" level="INFO">Clicking element 'id:exp_date'.</msg>
<status status="PASS" starttime="20240318 18:10:22.352" endtime="20240318 18:10:22.400"/>
</kw>
<kw name="Read Excel Cell" library="ExcelLibrary">
<var>${epextMsg}</var>
<arg>${index}</arg>
<arg>5</arg>
<doc>Returns content of a cell.</doc>
<msg timestamp="20240318 18:10:22.400" level="INFO">${epextMsg} = Không hợp lệ</msg>
<status status="PASS" starttime="20240318 18:10:22.400" endtime="20240318 18:10:22.400"/>
</kw>
<kw name="Run Keyword And Return Status" library="BuiltIn">
<var>${resual1}</var>
<arg>Element Should Be Visible</arg>
<arg>${msgErrorCardNumne}</arg>
<doc>Runs the given keyword with given arguments and returns the status as a Boolean value.</doc>
<kw name="Element Should Be Visible" library="SeleniumLibrary">
<arg>${msgErrorCardNumne}</arg>
<doc>Verifies that the element identified by ``locator`` is visible.</doc>
<msg timestamp="20240318 18:10:22.547" level="INFO" html="true">&lt;/td&gt;&lt;/tr&gt;&lt;tr&gt;&lt;td colspan="3"&gt;&lt;a href="selenium-screenshot-5.png"&gt;&lt;img src="selenium-screenshot-5.png" width="800px"&gt;&lt;/a&gt;</msg>
<msg timestamp="20240318 18:10:22.547" level="FAIL">Element with locator 'xpath://div[@class='form-field form-field-big']//span[@class='error']' not found.</msg>
<status status="FAIL" starttime="20240318 18:10:22.401" endtime="20240318 18:10:22.548"/>
</kw>
<msg timestamp="20240318 18:10:22.548" level="INFO">${resual1} = False</msg>
<status status="PASS" starttime="20240318 18:10:22.400" endtime="20240318 18:10:22.549"/>
</kw>
<if>
<branch type="IF" condition="${resual1} == $True">
<kw name="Log" library="BuiltIn">
<arg>test</arg>
<doc>Logs the given message with the given level.</doc>
<status status="NOT RUN" starttime="20240318 18:10:22.549" endtime="20240318 18:10:22.549"/>
</kw>
<kw name="Run Keyword And Return Status" library="BuiltIn">
<var>${resual2}</var>
<arg>Element Text Should Be</arg>
<arg>${msgErrorCardNumne}</arg>
<arg>${epextMsg}</arg>
<doc>Runs the given keyword with given arguments and returns the status as a Boolean value.</doc>
<status status="NOT RUN" starttime="20240318 18:10:22.549" endtime="20240318 18:10:22.550"/>
</kw>
<if>
<branch type="IF" condition="${resual2} == True">
<kw name="Write Excel Cell" library="ExcelLibrary">
<arg>${index}</arg>
<arg>6</arg>
<arg>PASS</arg>
<doc>Writes value to the cell.</doc>
<status status="NOT RUN" starttime="20240318 18:10:22.550" endtime="20240318 18:10:22.550"/>
</kw>
<kw name="Save Excel Document" library="ExcelLibrary">
<arg>${EXCEL}</arg>
<doc>Saves the current document to disk.</doc>
<status status="NOT RUN" starttime="20240318 18:10:22.550" endtime="20240318 18:10:22.550"/>
</kw>
<status status="NOT RUN" starttime="20240318 18:10:22.550" endtime="20240318 18:10:22.550"/>
</branch>
<branch type="ELSE">
<kw name="Write Excel Cell" library="ExcelLibrary">
<arg>${index}</arg>
<arg>6</arg>
<arg>FAIL</arg>
<doc>Writes value to the cell.</doc>
<status status="NOT RUN" starttime="20240318 18:10:22.551" endtime="20240318 18:10:22.551"/>
</kw>
<kw name="Save Excel Document" library="ExcelLibrary">
<arg>${EXCEL}</arg>
<doc>Saves the current document to disk.</doc>
<status status="NOT RUN" starttime="20240318 18:10:22.551" endtime="20240318 18:10:22.551"/>
</kw>
<status status="NOT RUN" starttime="20240318 18:10:22.550" endtime="20240318 18:10:22.551"/>
</branch>
<status status="NOT RUN" starttime="20240318 18:10:22.550" endtime="20240318 18:10:22.551"/>
</if>
<status status="NOT RUN" starttime="20240318 18:10:22.549" endtime="20240318 18:10:22.551"/>
</branch>
<branch type="ELSE">
<kw name="Write Excel Cell" library="ExcelLibrary">
<arg>${index}</arg>
<arg>6</arg>
<arg>PASS</arg>
<doc>Writes value to the cell.</doc>
<status status="PASS" starttime="20240318 18:10:22.551" endtime="20240318 18:10:22.551"/>
</kw>
<kw name="Save Excel Document" library="ExcelLibrary">
<arg>${EXCEL}</arg>
<doc>Saves the current document to disk.</doc>
<status status="PASS" starttime="20240318 18:10:22.552" endtime="20240318 18:10:22.561"/>
</kw>
<status status="PASS" starttime="20240318 18:10:22.551" endtime="20240318 18:10:22.562"/>
</branch>
<status status="PASS" starttime="20240318 18:10:22.549" endtime="20240318 18:10:22.562"/>
</if>
<status status="PASS" starttime="20240318 18:10:20.036" endtime="20240318 18:10:22.562"/>
</iter>
<iter>
<var name="${index}">11</var>
<kw name="Read Excel Cell" library="ExcelLibrary">
<var>${userName}</var>
<arg>${index}</arg>
<arg>4</arg>
<doc>Returns content of a cell.</doc>
<msg timestamp="20240318 18:10:22.563" level="INFO">${userName} = @$#$</msg>
<status status="PASS" starttime="20240318 18:10:22.563" endtime="20240318 18:10:22.563"/>
</kw>
<kw name="Wait Until Element Is Visible" library="SeleniumLibrary">
<arg>${localCardName}</arg>
<arg>10s</arg>
<doc>Waits until the element ``locator`` is visible.</doc>
<status status="PASS" starttime="20240318 18:10:22.564" endtime="20240318 18:10:22.578"/>
</kw>
<kw name="Clear Element Text" library="SeleniumLibrary">
<arg>${localCardName}</arg>
<doc>Clears the value of the text-input-element identified by ``locator``.</doc>
<status status="PASS" starttime="20240318 18:10:22.578" endtime="20240318 18:10:22.605"/>
</kw>
<kw name="Input Text" library="SeleniumLibrary">
<arg>${localCardName}</arg>
<arg>${userName}</arg>
<doc>Types the given ``text`` into the text field identified by ``locator``.</doc>
<msg timestamp="20240318 18:10:22.607" level="INFO">Typing text '@$#$' into text field 'id:card_name'.</msg>
<status status="PASS" starttime="20240318 18:10:22.607" endtime="20240318 18:10:22.672"/>
</kw>
<kw name="Sleep" library="BuiltIn">
<arg>2</arg>
<doc>Pauses the test executed for the given time.</doc>
<msg timestamp="20240318 18:10:24.674" level="INFO">Slept 2 seconds</msg>
<status status="PASS" starttime="20240318 18:10:22.672" endtime="20240318 18:10:24.674"/>
</kw>
<kw name="Click Element" library="SeleniumLibrary">
<arg>${localExpDate}</arg>
<doc>Click the element identified by ``locator``.</doc>
<msg timestamp="20240318 18:10:24.674" level="INFO">Clicking element 'id:exp_date'.</msg>
<status status="PASS" starttime="20240318 18:10:24.674" endtime="20240318 18:10:24.721"/>
</kw>
<kw name="Read Excel Cell" library="ExcelLibrary">
<var>${epextMsg}</var>
<arg>${index}</arg>
<arg>5</arg>
<doc>Returns content of a cell.</doc>
<msg timestamp="20240318 18:10:24.722" level="INFO">${epextMsg} = Không hợp lệ</msg>
<status status="PASS" starttime="20240318 18:10:24.722" endtime="20240318 18:10:24.722"/>
</kw>
<kw name="Run Keyword And Return Status" library="BuiltIn">
<var>${resual1}</var>
<arg>Element Should Be Visible</arg>
<arg>${msgErrorCardNumne}</arg>
<doc>Runs the given keyword with given arguments and returns the status as a Boolean value.</doc>
<kw name="Element Should Be Visible" library="SeleniumLibrary">
<arg>${msgErrorCardNumne}</arg>
<doc>Verifies that the element identified by ``locator`` is visible.</doc>
<msg timestamp="20240318 18:10:24.870" level="INFO" html="true">&lt;/td&gt;&lt;/tr&gt;&lt;tr&gt;&lt;td colspan="3"&gt;&lt;a href="selenium-screenshot-6.png"&gt;&lt;img src="selenium-screenshot-6.png" width="800px"&gt;&lt;/a&gt;</msg>
<msg timestamp="20240318 18:10:24.870" level="FAIL">Element with locator 'xpath://div[@class='form-field form-field-big']//span[@class='error']' not found.</msg>
<status status="FAIL" starttime="20240318 18:10:24.723" endtime="20240318 18:10:24.871"/>
</kw>
<msg timestamp="20240318 18:10:24.871" level="INFO">${resual1} = False</msg>
<status status="PASS" starttime="20240318 18:10:24.723" endtime="20240318 18:10:24.872"/>
</kw>
<if>
<branch type="IF" condition="${resual1} == $True">
<kw name="Log" library="BuiltIn">
<arg>test</arg>
<doc>Logs the given message with the given level.</doc>
<status status="NOT RUN" starttime="20240318 18:10:24.872" endtime="20240318 18:10:24.872"/>
</kw>
<kw name="Run Keyword And Return Status" library="BuiltIn">
<var>${resual2}</var>
<arg>Element Text Should Be</arg>
<arg>${msgErrorCardNumne}</arg>
<arg>${epextMsg}</arg>
<doc>Runs the given keyword with given arguments and returns the status as a Boolean value.</doc>
<status status="NOT RUN" starttime="20240318 18:10:24.873" endtime="20240318 18:10:24.873"/>
</kw>
<if>
<branch type="IF" condition="${resual2} == True">
<kw name="Write Excel Cell" library="ExcelLibrary">
<arg>${index}</arg>
<arg>6</arg>
<arg>PASS</arg>
<doc>Writes value to the cell.</doc>
<status status="NOT RUN" starttime="20240318 18:10:24.873" endtime="20240318 18:10:24.873"/>
</kw>
<kw name="Save Excel Document" library="ExcelLibrary">
<arg>${EXCEL}</arg>
<doc>Saves the current document to disk.</doc>
<status status="NOT RUN" starttime="20240318 18:10:24.873" endtime="20240318 18:10:24.874"/>
</kw>
<status status="NOT RUN" starttime="20240318 18:10:24.873" endtime="20240318 18:10:24.874"/>
</branch>
<branch type="ELSE">
<kw name="Write Excel Cell" library="ExcelLibrary">
<arg>${index}</arg>
<arg>6</arg>
<arg>FAIL</arg>
<doc>Writes value to the cell.</doc>
<status status="NOT RUN" starttime="20240318 18:10:24.874" endtime="20240318 18:10:24.874"/>
</kw>
<kw name="Save Excel Document" library="ExcelLibrary">
<arg>${EXCEL}</arg>
<doc>Saves the current document to disk.</doc>
<status status="NOT RUN" starttime="20240318 18:10:24.874" endtime="20240318 18:10:24.874"/>
</kw>
<status status="NOT RUN" starttime="20240318 18:10:24.874" endtime="20240318 18:10:24.875"/>
</branch>
<status status="NOT RUN" starttime="20240318 18:10:24.873" endtime="20240318 18:10:24.875"/>
</if>
<status status="NOT RUN" starttime="20240318 18:10:24.872" endtime="20240318 18:10:24.875"/>
</branch>
<branch type="ELSE">
<kw name="Write Excel Cell" library="ExcelLibrary">
<arg>${index}</arg>
<arg>6</arg>
<arg>PASS</arg>
<doc>Writes value to the cell.</doc>
<status status="PASS" starttime="20240318 18:10:24.875" endtime="20240318 18:10:24.876"/>
</kw>
<kw name="Save Excel Document" library="ExcelLibrary">
<arg>${EXCEL}</arg>
<doc>Saves the current document to disk.</doc>
<status status="PASS" starttime="20240318 18:10:24.876" endtime="20240318 18:10:24.886"/>
</kw>
<status status="PASS" starttime="20240318 18:10:24.875" endtime="20240318 18:10:24.887"/>
</branch>
<status status="PASS" starttime="20240318 18:10:24.872" endtime="20240318 18:10:24.887"/>
</if>
<status status="PASS" starttime="20240318 18:10:22.562" endtime="20240318 18:10:24.887"/>
</iter>
<status status="PASS" starttime="20240318 18:10:20.035" endtime="20240318 18:10:24.887"/>
</for>
<status status="PASS" starttime="20240318 18:10:20.035" endtime="20240318 18:10:24.887"/>
</kw>
<kw name="Close All Excel Documents" library="ExcelLibrary">
<doc>Closes all opened documents.</doc>
<status status="PASS" starttime="20240318 18:10:24.906" endtime="20240318 18:10:24.906"/>
</kw>
<tag>Validate</tag>
<status status="PASS" starttime="20240318 18:10:10.984" endtime="20240318 18:10:24.907"/>
</test>
<test id="s1-t3" name="Giao dich token merchant" line="29">
<kw name="Go To" library="SeleniumLibrary">
<arg>${PAYGATE_URL}</arg>
<doc>Navigates the current browser window to the provided ``url``.</doc>
<msg timestamp="20240318 18:10:24.909" level="INFO">Opening url 'https://dev.onepay.vn/client/qt/'</msg>
<status status="PASS" starttime="20240318 18:10:24.908" endtime="20240318 18:10:25.374"/>
</kw>
<kw name="Create payment token merchant" library="PaymentToken">
<arg>1</arg>
<kw name="Select payment token" library="Paygate">
<kw name="Input Text" library="SeleniumLibrary">
<arg>${localAmount}</arg>
<arg>1000000</arg>
<doc>Types the given ``text`` into the text field identified by ``locator``.</doc>
<msg timestamp="20240318 18:10:25.377" level="INFO">Typing text '1000000' into text field 'name:vpc_Amount'.</msg>
<status status="PASS" starttime="20240318 18:10:25.376" endtime="20240318 18:10:25.444"/>
</kw>
<kw name="Click Element" library="SeleniumLibrary">
<arg>${createToken}</arg>
<doc>Click the element identified by ``locator``.</doc>
<msg timestamp="20240318 18:10:25.445" level="INFO">Clicking element 'name:vpc_CreateToken'.</msg>
<status status="PASS" starttime="20240318 18:10:25.444" endtime="20240318 18:10:25.496"/>
</kw>
<kw name="Wait Until Element Is Visible" library="SeleniumLibrary">
<arg>${valueCreateTokenTrue}</arg>
<doc>Waits until the element ``locator`` is visible.</doc>
<status status="PASS" starttime="20240318 18:10:25.497" endtime="20240318 18:10:25.518"/>
</kw>
<kw name="Click Element" library="SeleniumLibrary">
<arg>${valueCreateTokenTrue}</arg>
<doc>Click the element identified by ``locator``.</doc>
<msg timestamp="20240318 18:10:25.519" level="INFO">Clicking element 'xpath://select[@name='vpc_CreateToken']/option[@value='true']'.</msg>
<status status="PASS" starttime="20240318 18:10:25.518" endtime="20240318 18:10:25.543"/>
</kw>
<kw name="Click Button" library="SeleniumLibrary">
<arg>${btnPayNow}</arg>
<doc>Clicks the button identified by ``locator``.</doc>
<msg timestamp="20240318 18:10:25.544" level="INFO">Clicking button 'xpath://input[@value='Pay Now!']'.</msg>
<status status="PASS" starttime="20240318 18:10:25.544" endtime="20240318 18:10:25.874"/>
</kw>
<status status="PASS" starttime="20240318 18:10:25.375" endtime="20240318 18:10:25.874"/>
</kw>
<kw name="Select domestic" library="Paygate">
<kw name="Wait Until Element Is Visible" library="SeleniumLibrary">
<arg>${radioDomestic}</arg>
<arg>10s</arg>
<doc>Waits until the element ``locator`` is visible.</doc>
<status status="PASS" starttime="20240318 18:10:25.875" endtime="20240318 18:10:26.264"/>
</kw>
<kw name="Click Element" library="SeleniumLibrary">
<arg>${radioDomestic}</arg>
<doc>Click the element identified by ``locator``.</doc>
<msg timestamp="20240318 18:10:26.265" level="INFO">Clicking element 'id:domescard-radio'.</msg>
<status status="PASS" starttime="20240318 18:10:26.264" endtime="20240318 18:10:26.407"/>
</kw>
<status status="PASS" starttime="20240318 18:10:25.874" endtime="20240318 18:10:26.408"/>
</kw>
<kw name="Select bank" library="Paygate">
<arg>${index}</arg>
<kw name="Wait Until Element Is Visible" library="SeleniumLibrary">
<arg>${listBank}</arg>
<doc>Waits until the element ``locator`` is visible.</doc>
<status status="PASS" starttime="20240318 18:10:26.408" endtime="20240318 18:10:26.494"/>
</kw>
<kw name="Get WebElements" library="SeleniumLibrary">
<var>@{banks}</var>
<arg>${listBank}</arg>
<doc>Returns a list of WebElement objects matching the ``locator``.</doc>
<msg timestamp="20240318 18:10:26.508" level="INFO">@{banks} = [ &lt;selenium.webdriver.remote.webelement.WebElement (session="766938baade0877afd9d883a2884114e", element="f.D49145D8E3D78BCAFEF3D25C43062A35.d.65CDD7AB6F7C5AB4588F805BDE37AE20.e.741")&gt; | &lt;selenium.webd...</msg>
<status status="PASS" starttime="20240318 18:10:26.494" endtime="20240318 18:10:26.508"/>
</kw>
<kw name="Click Element" library="SeleniumLibrary">
<arg>${banks}[${bankId}]</arg>
<doc>Click the element identified by ``locator``.</doc>
<msg timestamp="20240318 18:10:26.508" level="INFO">Clicking element '&lt;selenium.webdriver.remote.webelement.WebElement (session="766938baade0877afd9d883a2884114e", element="f.D49145D8E3D78BCAFEF3D25C43062A35.d.65CDD7AB6F7C5AB4588F805BDE37AE20.e.742")&gt;'.</msg>
<status status="PASS" starttime="20240318 18:10:26.508" endtime="20240318 18:10:26.560"/>
</kw>
<status status="PASS" starttime="20240318 18:10:26.408" endtime="20240318 18:10:26.560"/>
</kw>
<kw name="Input carNumber" library="Paygate">
<arg>9704360000000000002</arg>
<kw name="Input Text" library="SeleniumLibrary">
<arg>${localCardNumber}</arg>
<arg>${txtCardNumber}</arg>
<doc>Types the given ``text`` into the text field identified by ``locator``.</doc>
<msg timestamp="20240318 18:10:26.561" level="INFO">Typing text '9704360000000000002' into text field 'id:card_number'.</msg>
<status status="PASS" starttime="20240318 18:10:26.560" endtime="20240318 18:10:26.669"/>
</kw>
<status status="PASS" starttime="20240318 18:10:26.560" endtime="20240318 18:10:26.669"/>
</kw>
<kw name="Input expDate" library="Paygate">
<arg>1123</arg>
<kw name="Input Text" library="SeleniumLibrary">
<arg>${localExpDate}</arg>
<arg>${txtExpDate}</arg>
<doc>Types the given ``text`` into the text field identified by ``locator``.</doc>
<msg timestamp="20240318 18:10:26.670" level="INFO">Typing text '1123' into text field 'id:exp_date'.</msg>
<status status="PASS" starttime="20240318 18:10:26.669" endtime="20240318 18:10:26.725"/>
</kw>
<status status="PASS" starttime="20240318 18:10:26.669" endtime="20240318 18:10:26.726"/>
</kw>
<kw name="Input cardName" library="Paygate">
<arg>Nguyen van a</arg>
<kw name="Input Text" library="SeleniumLibrary">
<arg>${localCardName}</arg>
<arg>${txtCardName}</arg>
<doc>Types the given ``text`` into the text field identified by ``locator``.</doc>
<msg timestamp="20240318 18:10:26.726" level="INFO">Typing text 'Nguyen van a' into text field 'id:card_name'.</msg>
<status status="PASS" starttime="20240318 18:10:26.726" endtime="20240318 18:10:26.792"/>
</kw>
<status status="PASS" starttime="20240318 18:10:26.726" endtime="20240318 18:10:26.793"/>
</kw>
<kw name="Wait Until Element Is Enabled" library="SeleniumLibrary">
<arg>${localBtnThanhToan}</arg>
<doc>Waits until the element ``locator`` is enabled.</doc>
<status status="PASS" starttime="20240318 18:10:26.793" endtime="20240318 18:10:26.816"/>
</kw>
<kw name="Click Button" library="SeleniumLibrary">
<arg>${localBtnThanhToan}</arg>
<doc>Clicks the button identified by ``locator``.</doc>
<msg timestamp="20240318 18:10:26.817" level="INFO">Clicking button 'xpath://div[@class='action']/button'.</msg>
<status status="PASS" starttime="20240318 18:10:26.817" endtime="20240318 18:10:26.889"/>
</kw>
<kw name="Wait Until Element Is Visible" library="SeleniumLibrary">
<arg>${localOtp}</arg>
<arg>15s</arg>
<doc>Waits until the element ``locator`` is visible.</doc>
<status status="PASS" starttime="20240318 18:10:26.890" endtime="20240318 18:10:27.598"/>
</kw>
<kw name="Input OTP" library="Paygate">
<arg>123456</arg>
<kw name="Input Text" library="SeleniumLibrary">
<arg>${localOtp}</arg>
<arg>${otp}</arg>
<doc>Types the given ``text`` into the text field identified by ``locator``.</doc>
<msg timestamp="20240318 18:10:27.599" level="INFO">Typing text '123456' into text field 'name:otp'.</msg>
<status status="PASS" starttime="20240318 18:10:27.599" endtime="20240318 18:10:27.661"/>
</kw>
<status status="PASS" starttime="20240318 18:10:27.599" endtime="20240318 18:10:27.661"/>
</kw>
<kw name="Click Button" library="SeleniumLibrary">
<arg>${localBtnSubmitOtp}</arg>
<doc>Clicks the button identified by ``locator``.</doc>
<msg timestamp="20240318 18:10:27.662" level="INFO">Clicking button 'xpath://div[@class='otp']/button'.</msg>
<status status="PASS" starttime="20240318 18:10:27.661" endtime="20240318 18:10:27.711"/>
</kw>
<status status="PASS" starttime="20240318 18:10:25.374" endtime="20240318 18:10:27.711"/>
</kw>
<kw name="Wait Until Element Is Visible" library="SeleniumLibrary">
<arg>${localTitlePageKetQua}</arg>
<arg>20s</arg>
<doc>Waits until the element ``locator`` is visible.</doc>
<status status="PASS" starttime="20240318 18:10:27.712" endtime="20240318 18:10:29.861"/>
</kw>
<kw name="Get Location" library="SeleniumLibrary">
<var>${current_url}</var>
<doc>Returns the current browser window URL.</doc>
<msg timestamp="20240318 18:10:29.866" level="INFO">${current_url} = https://dev.onepay.vn/client/qt/dr/?mode=TEST_PAYGATE&amp;vpc_Amount=1000000&amp;vpc_Card=970436&amp;vpc_CardNum=970436xxxxxxxxx0002&amp;vpc_CardUid=INS-ml2tstnDHAvgVQAAAAAAAQ&amp;vpc_Command=pay&amp;vpc_MerchTxnRef=TEST_171...</msg>
<status status="PASS" starttime="20240318 18:10:29.862" endtime="20240318 18:10:29.866"/>
</kw>
<kw name="Extract Token Value" library="subString">
<var>${token_num}</var>
<arg>${current_url}</arg>
<arg>vpc_TokenNum=</arg>
<arg>&amp;</arg>
<msg timestamp="20240318 18:10:29.867" level="INFO">${token_num} = 9704366062008763</msg>
<status status="PASS" starttime="20240318 18:10:29.867" endtime="20240318 18:10:29.867"/>
</kw>
<kw name="Extract Token Value" library="subString">
<var>${token_exp}</var>
<arg>${current_url}</arg>
<arg>vpc_TokenExp=</arg>
<arg>&amp;</arg>
<msg timestamp="20240318 18:10:29.868" level="INFO">${token_exp} = 0325</msg>
<status status="PASS" starttime="20240318 18:10:29.868" endtime="20240318 18:10:29.868"/>
</kw>
<kw name="Log To Console" library="BuiltIn">
<arg>token number ${token_num}</arg>
<doc>Logs the given message to the console.</doc>
<status status="PASS" starttime="20240318 18:10:29.869" endtime="20240318 18:10:29.870"/>
</kw>
<kw name="Log To Console" library="BuiltIn">
<arg>token exp ${token_exp}</arg>
<doc>Logs the given message to the console.</doc>
<status status="PASS" starttime="20240318 18:10:29.870" endtime="20240318 18:10:29.870"/>
</kw>
<kw name="Go To" library="SeleniumLibrary">
<arg>${PAYGATE_URL}</arg>
<doc>Navigates the current browser window to the provided ``url``.</doc>
<msg timestamp="20240318 18:10:29.871" level="INFO">Opening url 'https://dev.onepay.vn/client/qt/'</msg>
<status status="PASS" starttime="20240318 18:10:29.871" endtime="20240318 18:10:30.360"/>
</kw>
<kw name="Payment token merchant" library="PaymentToken">
<arg>${token_num}</arg>
<arg>${token_exp}</arg>
<kw name="Wait Until Element Is Visible" library="SeleniumLibrary">
<arg>${localTokenNumber}</arg>
<arg>15s</arg>
<doc>Waits until the element ``locator`` is visible.</doc>
<status status="PASS" starttime="20240318 18:10:30.361" endtime="20240318 18:10:30.382"/>
</kw>
<kw name="Input Text" library="SeleniumLibrary">
<arg>${localAmount}</arg>
<arg>1000000</arg>
<doc>Types the given ``text`` into the text field identified by ``locator``.</doc>
<msg timestamp="20240318 18:10:30.382" level="INFO">Typing text '1000000' into text field 'name:vpc_Amount'.</msg>
<status status="PASS" starttime="20240318 18:10:30.382" endtime="20240318 18:10:30.449"/>
</kw>
<kw name="Input Text" library="SeleniumLibrary">
<arg>${localTokenNumber}</arg>
<arg>${vpc_TokenNumber}</arg>
<doc>Types the given ``text`` into the text field identified by ``locator``.</doc>
<msg timestamp="20240318 18:10:30.450" level="INFO">Typing text '9704366062008763' into text field 'name:vpc_TokenNum'.</msg>
<status status="PASS" starttime="20240318 18:10:30.450" endtime="20240318 18:10:30.530"/>
</kw>
<kw name="Input Text" library="SeleniumLibrary">
<arg>${localTokenExp}</arg>
<arg>${vpc_TokenExp}</arg>
<doc>Types the given ``text`` into the text field identified by ``locator``.</doc>
<msg timestamp="20240318 18:10:30.531" level="INFO">Typing text '0325' into text field 'name:vpc_TokenExp'.</msg>
<status status="PASS" starttime="20240318 18:10:30.530" endtime="20240318 18:10:30.590"/>
</kw>
<kw name="Click Button" library="SeleniumLibrary">
<arg>${btnPayNow}</arg>
<doc>Clicks the button identified by ``locator``.</doc>
<msg timestamp="20240318 18:10:30.591" level="INFO">Clicking button 'xpath://input[@value='Pay Now!']'.</msg>
<status status="PASS" starttime="20240318 18:10:30.590" endtime="20240318 18:10:35.405"/>
</kw>
<kw name="Wait Until Element Is Visible" library="SeleniumLibrary">
<arg>${localOtp}</arg>
<arg>30s</arg>
<doc>Waits until the element ``locator`` is visible.</doc>
<status status="PASS" starttime="20240318 18:10:35.405" endtime="20240318 18:10:35.636"/>
</kw>
<kw name="Input OTP" library="Paygate">
<arg>123456</arg>
<kw name="Input Text" library="SeleniumLibrary">
<arg>${localOtp}</arg>
<arg>${otp}</arg>
<doc>Types the given ``text`` into the text field identified by ``locator``.</doc>
<msg timestamp="20240318 18:10:35.637" level="INFO">Typing text '123456' into text field 'name:otp'.</msg>
<status status="PASS" starttime="20240318 18:10:35.637" endtime="20240318 18:10:35.703"/>
</kw>
<status status="PASS" starttime="20240318 18:10:35.637" endtime="20240318 18:10:35.703"/>
</kw>
<kw name="Click Button" library="SeleniumLibrary">
<arg>${localBtnSubmitOtp}</arg>
<doc>Clicks the button identified by ``locator``.</doc>
<msg timestamp="20240318 18:10:35.704" level="INFO">Clicking button 'xpath://div[@class='otp']/button'.</msg>
<status status="PASS" starttime="20240318 18:10:35.703" endtime="20240318 18:10:35.747"/>
</kw>
<status status="PASS" starttime="20240318 18:10:30.361" endtime="20240318 18:10:35.748"/>
</kw>
<kw name="Wait Until Element Is Visible" library="SeleniumLibrary">
<arg>${localTitlePageKetQua}</arg>
<arg>20s</arg>
<doc>Waits until the element ``locator`` is visible.</doc>
<status status="PASS" starttime="20240318 18:10:35.748" endtime="20240318 18:10:36.599"/>
</kw>
<kw name="Element Text Should Be" library="SeleniumLibrary">
<arg>${localTitlePageKetQua}</arg>
<arg>Giao dịch thành công</arg>
<doc>Verifies that element ``locator`` contains exact the text ``expected``.</doc>
<msg timestamp="20240318 18:10:36.600" level="INFO">Verifying element 'xpath://body//center//h1' contains exact text 'Giao dịch thành công'.</msg>
<status status="PASS" starttime="20240318 18:10:36.600" endtime="20240318 18:10:36.618"/>
</kw>
<status status="PASS" starttime="20240318 18:10:24.908" endtime="20240318 18:10:36.619"/>
</test>
<kw name="Close test brower" library="Common" type="TEARDOWN">
<kw name="Close All Browsers" library="SeleniumLibrary">
<doc>Closes all open browsers and resets the browser cache.</doc>
<status status="PASS" starttime="20240318 18:10:36.621" endtime="20240318 18:10:42.936"/>
</kw>
<status status="PASS" starttime="20240318 18:10:36.620" endtime="20240318 18:10:42.936"/>
</kw>
<status status="PASS" starttime="20240318 18:10:00.554" endtime="20240318 18:10:42.936"/>
</suite>
<statistics>
<total>
<stat pass="3" fail="0" skip="0">All Tests</stat>
</total>
<tag>
<stat pass="1" fail="0" skip="0">select bank</stat>
<stat pass="1" fail="0" skip="0">Validate</stat>
</tag>
<suite>
<stat pass="3" fail="0" skip="0" id="s1" name="Tcspaygate">Tcspaygate</stat>
</suite>
</statistics>
<errors>
</errors>
</robot>
